ERROR - 2024-07-24 04:11:47 --> mysqli_sql_exception: Table 'hopamthanhca.option' doesn't exist in D:\xampp\htdocs\hopamthanhca-site\system\Database\MySQLi\Connection.php:312
Stack trace:
#0 D:\xampp\htdocs\hopamthanhca-site\system\Database\MySQLi\Connection.php(312): mysqli->query('SELECT *\nFROM `...', 0)
#1 D:\xampp\htdocs\hopamthanhca-site\system\Database\BaseConnection.php(734): CodeIgniter\Database\MySQLi\Connection->execute('SELECT *\nFROM `...')
#2 D:\xampp\htdocs\hopamthanhca-site\system\Database\BaseConnection.php(648): CodeIgniter\Database\BaseConnection->simpleQuery('SELECT *\nFROM `...')
#3 D:\xampp\htdocs\hopamthanhca-site\system\Database\BaseBuilder.php(1636): CodeIgniter\Database\BaseConnection->query('SELECT *\nFROM `...', Array, false)
#4 D:\xampp\htdocs\hopamthanhca-site\system\Model.php(213): CodeIgniter\Database\BaseBuilder->get()
#5 D:\xampp\htdocs\hopamthanhca-site\system\BaseModel.php(610): CodeIgniter\Model->doFind(false, NULL)
#6 D:\xampp\htdocs\hopamthanhca-site\app\Views\Modules\footer.php(12): CodeIgniter\BaseModel->find()
#7 D:\xampp\htdocs\hopamthanhca-site\app\Views\Modules\footer.php(21): Footer::getOptions()
#8 D:\xampp\htdocs\hopamthanhca-site\system\View\View.php(234): include('D:\\xampp\\htdocs...')
#9 D:\xampp\htdocs\hopamthanhca-site\system\View\View.php(237): CodeIgniter\View\View->CodeIgniter\View\{closure}()
#10 D:\xampp\htdocs\hopamthanhca-site\system\View\View.php(487): CodeIgniter\View\View->render('Modules/footer', NULL, true)
#11 D:\xampp\htdocs\hopamthanhca-site\app\Views\layout.php(60): CodeIgniter\View\View->include('Modules/footer')
#12 D:\xampp\htdocs\hopamthanhca-site\system\View\View.php(234): include('D:\\xampp\\htdocs...')
#13 D:\xampp\htdocs\hopamthanhca-site\system\View\View.php(237): CodeIgniter\View\View->CodeIgniter\View\{closure}()
#14 D:\xampp\htdocs\hopamthanhca-site\system\View\View.php(250): CodeIgniter\View\View->render('layout', Array, true)
#15 D:\xampp\htdocs\hopamthanhca-site\system\Common.php(1171): CodeIgniter\View\View->render('view_home', Array, true)
#16 D:\xampp\htdocs\hopamthanhca-site\app\Controllers\Home.php(7): view('view_home')
#17 D:\xampp\htdocs\hopamthanhca-site\system\CodeIgniter.php(933): App\Controllers\Home->index()
#18 D:\xampp\htdocs\hopamthanhca-site\system\CodeIgniter.php(509): CodeIgniter\CodeIgniter->runController(Object(App\Controllers\Home))
#19 D:\xampp\htdocs\hopamthanhca-site\system\CodeIgniter.php(355): CodeIgniter\CodeIgniter->handleRequest(NULL, Object(Config\Cache), false)
#20 D:\xampp\htdocs\hopamthanhca-site\system\Boot.php(325): CodeIgniter\CodeIgniter->run()
#21 D:\xampp\htdocs\hopamthanhca-site\system\Boot.php(67): CodeIgniter\Boot::runCodeIgniter(Object(CodeIgniter\CodeIgniter))
#22 D:\xampp\htdocs\hopamthanhca-site\public\index.php(56): CodeIgniter\Boot::bootWeb(Object(Config\Paths))
#23 {main}
CRITICAL - 2024-07-24 04:11:47 --> CodeIgniter\Database\Exceptions\DatabaseException: Table 'hopamthanhca.option' doesn't exist
[Method: GET, Route: /]
in SYSTEMPATH\Database\BaseConnection.php on line 688.
 1 SYSTEMPATH\Database\BaseBuilder.php(1636): CodeIgniter\Database\BaseConnection->query('SELECT *
FROM `option`
WHERE `key` IN :key:', [...], false)
 2 SYSTEMPATH\Model.php(213): CodeIgniter\Database\BaseBuilder->get()
 3 SYSTEMPATH\BaseModel.php(610): CodeIgniter\Model->doFind(false, null)
 4 APPPATH\Views\Modules\footer.php(12): CodeIgniter\BaseModel->find()
 5 APPPATH\Views\Modules\footer.php(21): Footer::getOptions()
 6 SYSTEMPATH\View\View.php(234): include('D:\\xampp\\htdocs\\hopamthanhca-site\\app\\Views\\Modules\\footer.php')
 7 SYSTEMPATH\View\View.php(237): CodeIgniter\View\View->CodeIgniter\View\{closure}()
 8 SYSTEMPATH\View\View.php(487): CodeIgniter\View\View->render('Modules/footer', null, true)
 9 APPPATH\Views\layout.php(60): CodeIgniter\View\View->include('Modules/footer')
10 SYSTEMPATH\View\View.php(234): include('D:\\xampp\\htdocs\\hopamthanhca-site\\app\\Views\\layout.php')
11 SYSTEMPATH\View\View.php(237): CodeIgniter\View\View->CodeIgniter\View\{closure}()
12 SYSTEMPATH\View\View.php(250): CodeIgniter\View\View->render('layout', [], true)
13 SYSTEMPATH\Common.php(1171): CodeIgniter\View\View->render('view_home', [], true)
14 APPPATH\Controllers\Home.php(7): view('view_home')
15 SYSTEMPATH\CodeIgniter.php(933): App\Controllers\Home->index()
16 SYSTEMPATH\CodeIgniter.php(509): CodeIgniter\CodeIgniter->runController(Object(App\Controllers\Home))
17 SYSTEMPATH\CodeIgniter.php(355): CodeIgniter\CodeIgniter->handleRequest(null, Object(Config\Cache), false)
18 SYSTEMPATH\Boot.php(325): CodeIgniter\CodeIgniter->run()
19 SYSTEMPATH\Boot.php(67): CodeIgniter\Boot::runCodeIgniter(Object(CodeIgniter\CodeIgniter))
20 FCPATH\index.php(56): CodeIgniter\Boot::bootWeb(Object(Config\Paths))
CRITICAL - 2024-07-24 04:11:47 --> [Caused by] CodeIgniter\Database\Exceptions\DatabaseException: Table 'hopamthanhca.option' doesn't exist
in SYSTEMPATH\Database\MySQLi\Connection.php on line 317.
 1 SYSTEMPATH\Database\BaseConnection.php(734): CodeIgniter\Database\MySQLi\Connection->execute('SELECT *
FROM `option`
WHERE `key` IN (\'social_facebook\',\'social_youtube\',\'social_twitter\',\'phonenumber\',\'email\')')
 2 SYSTEMPATH\Database\BaseConnection.php(648): CodeIgniter\Database\BaseConnection->simpleQuery('SELECT *
FROM `option`
WHERE `key` IN (\'social_facebook\',\'social_youtube\',\'social_twitter\',\'phonenumber\',\'email\')')
 3 SYSTEMPATH\Database\BaseBuilder.php(1636): CodeIgniter\Database\BaseConnection->query('SELECT *
FROM `option`
WHERE `key` IN :key:', [...], false)
 4 SYSTEMPATH\Model.php(213): CodeIgniter\Database\BaseBuilder->get()
 5 SYSTEMPATH\BaseModel.php(610): CodeIgniter\Model->doFind(false, null)
 6 APPPATH\Views\Modules\footer.php(12): CodeIgniter\BaseModel->find()
 7 APPPATH\Views\Modules\footer.php(21): Footer::getOptions()
 8 SYSTEMPATH\View\View.php(234): include('D:\\xampp\\htdocs\\hopamthanhca-site\\app\\Views\\Modules\\footer.php')
 9 SYSTEMPATH\View\View.php(237): CodeIgniter\View\View->CodeIgniter\View\{closure}()
10 SYSTEMPATH\View\View.php(487): CodeIgniter\View\View->render('Modules/footer', null, true)
11 APPPATH\Views\layout.php(60): CodeIgniter\View\View->include('Modules/footer')
12 SYSTEMPATH\View\View.php(234): include('D:\\xampp\\htdocs\\hopamthanhca-site\\app\\Views\\layout.php')
13 SYSTEMPATH\View\View.php(237): CodeIgniter\View\View->CodeIgniter\View\{closure}()
14 SYSTEMPATH\View\View.php(250): CodeIgniter\View\View->render('layout', [], true)
15 SYSTEMPATH\Common.php(1171): CodeIgniter\View\View->render('view_home', [], true)
16 APPPATH\Controllers\Home.php(7): view('view_home')
17 SYSTEMPATH\CodeIgniter.php(933): App\Controllers\Home->index()
18 SYSTEMPATH\CodeIgniter.php(509): CodeIgniter\CodeIgniter->runController(Object(App\Controllers\Home))
19 SYSTEMPATH\CodeIgniter.php(355): CodeIgniter\CodeIgniter->handleRequest(null, Object(Config\Cache), false)
20 SYSTEMPATH\Boot.php(325): CodeIgniter\CodeIgniter->run()
21 SYSTEMPATH\Boot.php(67): CodeIgniter\Boot::runCodeIgniter(Object(CodeIgniter\CodeIgniter))
22 FCPATH\index.php(56): CodeIgniter\Boot::bootWeb(Object(Config\Paths))
CRITICAL - 2024-07-24 04:11:47 --> [Caused by] mysqli_sql_exception: Table 'hopamthanhca.option' doesn't exist
in SYSTEMPATH\Database\MySQLi\Connection.php on line 312.
 1 SYSTEMPATH\Database\MySQLi\Connection.php(312): mysqli->query('SELECT *
FROM `option`
WHERE `key` IN (\'social_facebook\',\'social_youtube\',\'social_twitter\',\'phonenumber\',\'email\')', 0)
 2 SYSTEMPATH\Database\BaseConnection.php(734): CodeIgniter\Database\MySQLi\Connection->execute('SELECT *
FROM `option`
WHERE `key` IN (\'social_facebook\',\'social_youtube\',\'social_twitter\',\'phonenumber\',\'email\')')
 3 SYSTEMPATH\Database\BaseConnection.php(648): CodeIgniter\Database\BaseConnection->simpleQuery('SELECT *
FROM `option`
WHERE `key` IN (\'social_facebook\',\'social_youtube\',\'social_twitter\',\'phonenumber\',\'email\')')
 4 SYSTEMPATH\Database\BaseBuilder.php(1636): CodeIgniter\Database\BaseConnection->query('SELECT *
FROM `option`
WHERE `key` IN :key:', [...], false)
 5 SYSTEMPATH\Model.php(213): CodeIgniter\Database\BaseBuilder->get()
 6 SYSTEMPATH\BaseModel.php(610): CodeIgniter\Model->doFind(false, null)
 7 APPPATH\Views\Modules\footer.php(12): CodeIgniter\BaseModel->find()
 8 APPPATH\Views\Modules\footer.php(21): Footer::getOptions()
 9 SYSTEMPATH\View\View.php(234): include('D:\\xampp\\htdocs\\hopamthanhca-site\\app\\Views\\Modules\\footer.php')
10 SYSTEMPATH\View\View.php(237): CodeIgniter\View\View->CodeIgniter\View\{closure}()
11 SYSTEMPATH\View\View.php(487): CodeIgniter\View\View->render('Modules/footer', null, true)
12 APPPATH\Views\layout.php(60): CodeIgniter\View\View->include('Modules/footer')
13 SYSTEMPATH\View\View.php(234): include('D:\\xampp\\htdocs\\hopamthanhca-site\\app\\Views\\layout.php')
14 SYSTEMPATH\View\View.php(237): CodeIgniter\View\View->CodeIgniter\View\{closure}()
15 SYSTEMPATH\View\View.php(250): CodeIgniter\View\View->render('layout', [], true)
16 SYSTEMPATH\Common.php(1171): CodeIgniter\View\View->render('view_home', [], true)
17 APPPATH\Controllers\Home.php(7): view('view_home')
18 SYSTEMPATH\CodeIgniter.php(933): App\Controllers\Home->index()
19 SYSTEMPATH\CodeIgniter.php(509): CodeIgniter\CodeIgniter->runController(Object(App\Controllers\Home))
20 SYSTEMPATH\CodeIgniter.php(355): CodeIgniter\CodeIgniter->handleRequest(null, Object(Config\Cache), false)
21 SYSTEMPATH\Boot.php(325): CodeIgniter\CodeIgniter->run()
22 SYSTEMPATH\Boot.php(67): CodeIgniter\Boot::runCodeIgniter(Object(CodeIgniter\CodeIgniter))
23 FCPATH\index.php(56): CodeIgniter\Boot::bootWeb(Object(Config\Paths))
ERROR - 2024-07-24 04:12:23 --> mysqli_sql_exception: Table 'hopamthanhca.option' doesn't exist in D:\xampp\htdocs\hopamthanhca-site\system\Database\MySQLi\Connection.php:312
Stack trace:
#0 D:\xampp\htdocs\hopamthanhca-site\system\Database\MySQLi\Connection.php(312): mysqli->query('SELECT *\nFROM `...', 0)
#1 D:\xampp\htdocs\hopamthanhca-site\system\Database\BaseConnection.php(734): CodeIgniter\Database\MySQLi\Connection->execute('SELECT *\nFROM `...')
#2 D:\xampp\htdocs\hopamthanhca-site\system\Database\BaseConnection.php(648): CodeIgniter\Database\BaseConnection->simpleQuery('SELECT *\nFROM `...')
#3 D:\xampp\htdocs\hopamthanhca-site\system\Database\BaseBuilder.php(1636): CodeIgniter\Database\BaseConnection->query('SELECT *\nFROM `...', Array, false)
#4 D:\xampp\htdocs\hopamthanhca-site\system\Model.php(286): CodeIgniter\Database\BaseBuilder->get()
#5 D:\xampp\htdocs\hopamthanhca-site\system\BaseModel.php(676): CodeIgniter\Model->doFindAll(0, 0)
#6 D:\xampp\htdocs\hopamthanhca-site\app\Views\Modules\footer.php(12): CodeIgniter\BaseModel->findAll()
#7 D:\xampp\htdocs\hopamthanhca-site\app\Views\Modules\footer.php(21): Footer::getOptions()
#8 D:\xampp\htdocs\hopamthanhca-site\system\View\View.php(234): include('D:\\xampp\\htdocs...')
#9 D:\xampp\htdocs\hopamthanhca-site\system\View\View.php(237): CodeIgniter\View\View->CodeIgniter\View\{closure}()
#10 D:\xampp\htdocs\hopamthanhca-site\system\View\View.php(487): CodeIgniter\View\View->render('Modules/footer', NULL, true)
#11 D:\xampp\htdocs\hopamthanhca-site\app\Views\layout.php(60): CodeIgniter\View\View->include('Modules/footer')
#12 D:\xampp\htdocs\hopamthanhca-site\system\View\View.php(234): include('D:\\xampp\\htdocs...')
#13 D:\xampp\htdocs\hopamthanhca-site\system\View\View.php(237): CodeIgniter\View\View->CodeIgniter\View\{closure}()
#14 D:\xampp\htdocs\hopamthanhca-site\system\View\View.php(250): CodeIgniter\View\View->render('layout', Array, true)
#15 D:\xampp\htdocs\hopamthanhca-site\system\Common.php(1171): CodeIgniter\View\View->render('view_home', Array, true)
#16 D:\xampp\htdocs\hopamthanhca-site\app\Controllers\Home.php(7): view('view_home')
#17 D:\xampp\htdocs\hopamthanhca-site\system\CodeIgniter.php(933): App\Controllers\Home->index()
#18 D:\xampp\htdocs\hopamthanhca-site\system\CodeIgniter.php(509): CodeIgniter\CodeIgniter->runController(Object(App\Controllers\Home))
#19 D:\xampp\htdocs\hopamthanhca-site\system\CodeIgniter.php(355): CodeIgniter\CodeIgniter->handleRequest(NULL, Object(Config\Cache), false)
#20 D:\xampp\htdocs\hopamthanhca-site\system\Boot.php(325): CodeIgniter\CodeIgniter->run()
#21 D:\xampp\htdocs\hopamthanhca-site\system\Boot.php(67): CodeIgniter\Boot::runCodeIgniter(Object(CodeIgniter\CodeIgniter))
#22 D:\xampp\htdocs\hopamthanhca-site\public\index.php(56): CodeIgniter\Boot::bootWeb(Object(Config\Paths))
#23 {main}
CRITICAL - 2024-07-24 04:12:23 --> CodeIgniter\Database\Exceptions\DatabaseException: Table 'hopamthanhca.option' doesn't exist
[Method: GET, Route: /]
in SYSTEMPATH\Database\BaseConnection.php on line 688.
 1 SYSTEMPATH\Database\BaseBuilder.php(1636): CodeIgniter\Database\BaseConnection->query('SELECT *
FROM `option`
WHERE `key` IN :key:', [...], false)
 2 SYSTEMPATH\Model.php(286): CodeIgniter\Database\BaseBuilder->get()
 3 SYSTEMPATH\BaseModel.php(676): CodeIgniter\Model->doFindAll(0, 0)
 4 APPPATH\Views\Modules\footer.php(12): CodeIgniter\BaseModel->findAll()
 5 APPPATH\Views\Modules\footer.php(21): Footer::getOptions()
 6 SYSTEMPATH\View\View.php(234): include('D:\\xampp\\htdocs\\hopamthanhca-site\\app\\Views\\Modules\\footer.php')
 7 SYSTEMPATH\View\View.php(237): CodeIgniter\View\View->CodeIgniter\View\{closure}()
 8 SYSTEMPATH\View\View.php(487): CodeIgniter\View\View->render('Modules/footer', null, true)
 9 APPPATH\Views\layout.php(60): CodeIgniter\View\View->include('Modules/footer')
10 SYSTEMPATH\View\View.php(234): include('D:\\xampp\\htdocs\\hopamthanhca-site\\app\\Views\\layout.php')
11 SYSTEMPATH\View\View.php(237): CodeIgniter\View\View->CodeIgniter\View\{closure}()
12 SYSTEMPATH\View\View.php(250): CodeIgniter\View\View->render('layout', [], true)
13 SYSTEMPATH\Common.php(1171): CodeIgniter\View\View->render('view_home', [], true)
14 APPPATH\Controllers\Home.php(7): view('view_home')
15 SYSTEMPATH\CodeIgniter.php(933): App\Controllers\Home->index()
16 SYSTEMPATH\CodeIgniter.php(509): CodeIgniter\CodeIgniter->runController(Object(App\Controllers\Home))
17 SYSTEMPATH\CodeIgniter.php(355): CodeIgniter\CodeIgniter->handleRequest(null, Object(Config\Cache), false)
18 SYSTEMPATH\Boot.php(325): CodeIgniter\CodeIgniter->run()
19 SYSTEMPATH\Boot.php(67): CodeIgniter\Boot::runCodeIgniter(Object(CodeIgniter\CodeIgniter))
20 FCPATH\index.php(56): CodeIgniter\Boot::bootWeb(Object(Config\Paths))
CRITICAL - 2024-07-24 04:12:23 --> [Caused by] CodeIgniter\Database\Exceptions\DatabaseException: Table 'hopamthanhca.option' doesn't exist
in SYSTEMPATH\Database\MySQLi\Connection.php on line 317.
 1 SYSTEMPATH\Database\BaseConnection.php(734): CodeIgniter\Database\MySQLi\Connection->execute('SELECT *
FROM `option`
WHERE `key` IN (\'social_facebook\',\'social_youtube\',\'social_twitter\',\'phonenumber\',\'email\')')
 2 SYSTEMPATH\Database\BaseConnection.php(648): CodeIgniter\Database\BaseConnection->simpleQuery('SELECT *
FROM `option`
WHERE `key` IN (\'social_facebook\',\'social_youtube\',\'social_twitter\',\'phonenumber\',\'email\')')
 3 SYSTEMPATH\Database\BaseBuilder.php(1636): CodeIgniter\Database\BaseConnection->query('SELECT *
FROM `option`
WHERE `key` IN :key:', [...], false)
 4 SYSTEMPATH\Model.php(286): CodeIgniter\Database\BaseBuilder->get()
 5 SYSTEMPATH\BaseModel.php(676): CodeIgniter\Model->doFindAll(0, 0)
 6 APPPATH\Views\Modules\footer.php(12): CodeIgniter\BaseModel->findAll()
 7 APPPATH\Views\Modules\footer.php(21): Footer::getOptions()
 8 SYSTEMPATH\View\View.php(234): include('D:\\xampp\\htdocs\\hopamthanhca-site\\app\\Views\\Modules\\footer.php')
 9 SYSTEMPATH\View\View.php(237): CodeIgniter\View\View->CodeIgniter\View\{closure}()
10 SYSTEMPATH\View\View.php(487): CodeIgniter\View\View->render('Modules/footer', null, true)
11 APPPATH\Views\layout.php(60): CodeIgniter\View\View->include('Modules/footer')
12 SYSTEMPATH\View\View.php(234): include('D:\\xampp\\htdocs\\hopamthanhca-site\\app\\Views\\layout.php')
13 SYSTEMPATH\View\View.php(237): CodeIgniter\View\View->CodeIgniter\View\{closure}()
14 SYSTEMPATH\View\View.php(250): CodeIgniter\View\View->render('layout', [], true)
15 SYSTEMPATH\Common.php(1171): CodeIgniter\View\View->render('view_home', [], true)
16 APPPATH\Controllers\Home.php(7): view('view_home')
17 SYSTEMPATH\CodeIgniter.php(933): App\Controllers\Home->index()
18 SYSTEMPATH\CodeIgniter.php(509): CodeIgniter\CodeIgniter->runController(Object(App\Controllers\Home))
19 SYSTEMPATH\CodeIgniter.php(355): CodeIgniter\CodeIgniter->handleRequest(null, Object(Config\Cache), false)
20 SYSTEMPATH\Boot.php(325): CodeIgniter\CodeIgniter->run()
21 SYSTEMPATH\Boot.php(67): CodeIgniter\Boot::runCodeIgniter(Object(CodeIgniter\CodeIgniter))
22 FCPATH\index.php(56): CodeIgniter\Boot::bootWeb(Object(Config\Paths))
CRITICAL - 2024-07-24 04:12:23 --> [Caused by] mysqli_sql_exception: Table 'hopamthanhca.option' doesn't exist
in SYSTEMPATH\Database\MySQLi\Connection.php on line 312.
 1 SYSTEMPATH\Database\MySQLi\Connection.php(312): mysqli->query('SELECT *
FROM `option`
WHERE `key` IN (\'social_facebook\',\'social_youtube\',\'social_twitter\',\'phonenumber\',\'email\')', 0)
 2 SYSTEMPATH\Database\BaseConnection.php(734): CodeIgniter\Database\MySQLi\Connection->execute('SELECT *
FROM `option`
WHERE `key` IN (\'social_facebook\',\'social_youtube\',\'social_twitter\',\'phonenumber\',\'email\')')
 3 SYSTEMPATH\Database\BaseConnection.php(648): CodeIgniter\Database\BaseConnection->simpleQuery('SELECT *
FROM `option`
WHERE `key` IN (\'social_facebook\',\'social_youtube\',\'social_twitter\',\'phonenumber\',\'email\')')
 4 SYSTEMPATH\Database\BaseBuilder.php(1636): CodeIgniter\Database\BaseConnection->query('SELECT *
FROM `option`
WHERE `key` IN :key:', [...], false)
 5 SYSTEMPATH\Model.php(286): CodeIgniter\Database\BaseBuilder->get()
 6 SYSTEMPATH\BaseModel.php(676): CodeIgniter\Model->doFindAll(0, 0)
 7 APPPATH\Views\Modules\footer.php(12): CodeIgniter\BaseModel->findAll()
 8 APPPATH\Views\Modules\footer.php(21): Footer::getOptions()
 9 SYSTEMPATH\View\View.php(234): include('D:\\xampp\\htdocs\\hopamthanhca-site\\app\\Views\\Modules\\footer.php')
10 SYSTEMPATH\View\View.php(237): CodeIgniter\View\View->CodeIgniter\View\{closure}()
11 SYSTEMPATH\View\View.php(487): CodeIgniter\View\View->render('Modules/footer', null, true)
12 APPPATH\Views\layout.php(60): CodeIgniter\View\View->include('Modules/footer')
13 SYSTEMPATH\View\View.php(234): include('D:\\xampp\\htdocs\\hopamthanhca-site\\app\\Views\\layout.php')
14 SYSTEMPATH\View\View.php(237): CodeIgniter\View\View->CodeIgniter\View\{closure}()
15 SYSTEMPATH\View\View.php(250): CodeIgniter\View\View->render('layout', [], true)
16 SYSTEMPATH\Common.php(1171): CodeIgniter\View\View->render('view_home', [], true)
17 APPPATH\Controllers\Home.php(7): view('view_home')
18 SYSTEMPATH\CodeIgniter.php(933): App\Controllers\Home->index()
19 SYSTEMPATH\CodeIgniter.php(509): CodeIgniter\CodeIgniter->runController(Object(App\Controllers\Home))
20 SYSTEMPATH\CodeIgniter.php(355): CodeIgniter\CodeIgniter->handleRequest(null, Object(Config\Cache), false)
21 SYSTEMPATH\Boot.php(325): CodeIgniter\CodeIgniter->run()
22 SYSTEMPATH\Boot.php(67): CodeIgniter\Boot::runCodeIgniter(Object(CodeIgniter\CodeIgniter))
23 FCPATH\index.php(56): CodeIgniter\Boot::bootWeb(Object(Config\Paths))
ERROR - 2024-07-24 04:13:27 --> mysqli_sql_exception: Table 'hopamthanhca.option' doesn't exist in D:\xampp\htdocs\hopamthanhca-site\system\Database\MySQLi\Connection.php:312
Stack trace:
#0 D:\xampp\htdocs\hopamthanhca-site\system\Database\MySQLi\Connection.php(312): mysqli->query('SELECT *\nFROM `...', 0)
#1 D:\xampp\htdocs\hopamthanhca-site\system\Database\BaseConnection.php(734): CodeIgniter\Database\MySQLi\Connection->execute('SELECT *\nFROM `...')
#2 D:\xampp\htdocs\hopamthanhca-site\system\Database\BaseConnection.php(648): CodeIgniter\Database\BaseConnection->simpleQuery('SELECT *\nFROM `...')
#3 D:\xampp\htdocs\hopamthanhca-site\system\Database\BaseBuilder.php(1636): CodeIgniter\Database\BaseConnection->query('SELECT *\nFROM `...', Array, false)
#4 D:\xampp\htdocs\hopamthanhca-site\system\Model.php(286): CodeIgniter\Database\BaseBuilder->get()
#5 D:\xampp\htdocs\hopamthanhca-site\system\BaseModel.php(676): CodeIgniter\Model->doFindAll(0, 0)
#6 D:\xampp\htdocs\hopamthanhca-site\app\Views\Modules\footer.php(12): CodeIgniter\BaseModel->findAll()
#7 D:\xampp\htdocs\hopamthanhca-site\app\Views\Modules\footer.php(21): Footer::getOptions()
#8 D:\xampp\htdocs\hopamthanhca-site\system\View\View.php(234): include('D:\\xampp\\htdocs...')
#9 D:\xampp\htdocs\hopamthanhca-site\system\View\View.php(237): CodeIgniter\View\View->CodeIgniter\View\{closure}()
#10 D:\xampp\htdocs\hopamthanhca-site\system\View\View.php(487): CodeIgniter\View\View->render('Modules/footer', NULL, true)
#11 D:\xampp\htdocs\hopamthanhca-site\app\Views\layout.php(60): CodeIgniter\View\View->include('Modules/footer')
#12 D:\xampp\htdocs\hopamthanhca-site\system\View\View.php(234): include('D:\\xampp\\htdocs...')
#13 D:\xampp\htdocs\hopamthanhca-site\system\View\View.php(237): CodeIgniter\View\View->CodeIgniter\View\{closure}()
#14 D:\xampp\htdocs\hopamthanhca-site\system\View\View.php(250): CodeIgniter\View\View->render('layout', Array, true)
#15 D:\xampp\htdocs\hopamthanhca-site\system\Common.php(1171): CodeIgniter\View\View->render('view_home', Array, true)
#16 D:\xampp\htdocs\hopamthanhca-site\app\Controllers\Home.php(7): view('view_home')
#17 D:\xampp\htdocs\hopamthanhca-site\system\CodeIgniter.php(933): App\Controllers\Home->index()
#18 D:\xampp\htdocs\hopamthanhca-site\system\CodeIgniter.php(509): CodeIgniter\CodeIgniter->runController(Object(App\Controllers\Home))
#19 D:\xampp\htdocs\hopamthanhca-site\system\CodeIgniter.php(355): CodeIgniter\CodeIgniter->handleRequest(NULL, Object(Config\Cache), false)
#20 D:\xampp\htdocs\hopamthanhca-site\system\Boot.php(325): CodeIgniter\CodeIgniter->run()
#21 D:\xampp\htdocs\hopamthanhca-site\system\Boot.php(67): CodeIgniter\Boot::runCodeIgniter(Object(CodeIgniter\CodeIgniter))
#22 D:\xampp\htdocs\hopamthanhca-site\public\index.php(56): CodeIgniter\Boot::bootWeb(Object(Config\Paths))
#23 {main}
CRITICAL - 2024-07-24 04:13:27 --> CodeIgniter\Database\Exceptions\DatabaseException: Table 'hopamthanhca.option' doesn't exist
[Method: GET, Route: /]
in SYSTEMPATH\Database\BaseConnection.php on line 688.
 1 SYSTEMPATH\Database\BaseBuilder.php(1636): CodeIgniter\Database\BaseConnection->query('SELECT *
FROM `option`
WHERE `key` IN :key:', [...], false)
 2 SYSTEMPATH\Model.php(286): CodeIgniter\Database\BaseBuilder->get()
 3 SYSTEMPATH\BaseModel.php(676): CodeIgniter\Model->doFindAll(0, 0)
 4 APPPATH\Views\Modules\footer.php(12): CodeIgniter\BaseModel->findAll()
 5 APPPATH\Views\Modules\footer.php(21): Footer::getOptions()
 6 SYSTEMPATH\View\View.php(234): include('D:\\xampp\\htdocs\\hopamthanhca-site\\app\\Views\\Modules\\footer.php')
 7 SYSTEMPATH\View\View.php(237): CodeIgniter\View\View->CodeIgniter\View\{closure}()
 8 SYSTEMPATH\View\View.php(487): CodeIgniter\View\View->render('Modules/footer', null, true)
 9 APPPATH\Views\layout.php(60): CodeIgniter\View\View->include('Modules/footer')
10 SYSTEMPATH\View\View.php(234): include('D:\\xampp\\htdocs\\hopamthanhca-site\\app\\Views\\layout.php')
11 SYSTEMPATH\View\View.php(237): CodeIgniter\View\View->CodeIgniter\View\{closure}()
12 SYSTEMPATH\View\View.php(250): CodeIgniter\View\View->render('layout', [], true)
13 SYSTEMPATH\Common.php(1171): CodeIgniter\View\View->render('view_home', [], true)
14 APPPATH\Controllers\Home.php(7): view('view_home')
15 SYSTEMPATH\CodeIgniter.php(933): App\Controllers\Home->index()
16 SYSTEMPATH\CodeIgniter.php(509): CodeIgniter\CodeIgniter->runController(Object(App\Controllers\Home))
17 SYSTEMPATH\CodeIgniter.php(355): CodeIgniter\CodeIgniter->handleRequest(null, Object(Config\Cache), false)
18 SYSTEMPATH\Boot.php(325): CodeIgniter\CodeIgniter->run()
19 SYSTEMPATH\Boot.php(67): CodeIgniter\Boot::runCodeIgniter(Object(CodeIgniter\CodeIgniter))
20 FCPATH\index.php(56): CodeIgniter\Boot::bootWeb(Object(Config\Paths))
CRITICAL - 2024-07-24 04:13:27 --> [Caused by] CodeIgniter\Database\Exceptions\DatabaseException: Table 'hopamthanhca.option' doesn't exist
in SYSTEMPATH\Database\MySQLi\Connection.php on line 317.
 1 SYSTEMPATH\Database\BaseConnection.php(734): CodeIgniter\Database\MySQLi\Connection->execute('SELECT *
FROM `option`
WHERE `key` IN (\'social_facebook\',\'social_youtube\',\'social_twitter\',\'phonenumber\',\'email\')')
 2 SYSTEMPATH\Database\BaseConnection.php(648): CodeIgniter\Database\BaseConnection->simpleQuery('SELECT *
FROM `option`
WHERE `key` IN (\'social_facebook\',\'social_youtube\',\'social_twitter\',\'phonenumber\',\'email\')')
 3 SYSTEMPATH\Database\BaseBuilder.php(1636): CodeIgniter\Database\BaseConnection->query('SELECT *
FROM `option`
WHERE `key` IN :key:', [...], false)
 4 SYSTEMPATH\Model.php(286): CodeIgniter\Database\BaseBuilder->get()
 5 SYSTEMPATH\BaseModel.php(676): CodeIgniter\Model->doFindAll(0, 0)
 6 APPPATH\Views\Modules\footer.php(12): CodeIgniter\BaseModel->findAll()
 7 APPPATH\Views\Modules\footer.php(21): Footer::getOptions()
 8 SYSTEMPATH\View\View.php(234): include('D:\\xampp\\htdocs\\hopamthanhca-site\\app\\Views\\Modules\\footer.php')
 9 SYSTEMPATH\View\View.php(237): CodeIgniter\View\View->CodeIgniter\View\{closure}()
10 SYSTEMPATH\View\View.php(487): CodeIgniter\View\View->render('Modules/footer', null, true)
11 APPPATH\Views\layout.php(60): CodeIgniter\View\View->include('Modules/footer')
12 SYSTEMPATH\View\View.php(234): include('D:\\xampp\\htdocs\\hopamthanhca-site\\app\\Views\\layout.php')
13 SYSTEMPATH\View\View.php(237): CodeIgniter\View\View->CodeIgniter\View\{closure}()
14 SYSTEMPATH\View\View.php(250): CodeIgniter\View\View->render('layout', [], true)
15 SYSTEMPATH\Common.php(1171): CodeIgniter\View\View->render('view_home', [], true)
16 APPPATH\Controllers\Home.php(7): view('view_home')
17 SYSTEMPATH\CodeIgniter.php(933): App\Controllers\Home->index()
18 SYSTEMPATH\CodeIgniter.php(509): CodeIgniter\CodeIgniter->runController(Object(App\Controllers\Home))
19 SYSTEMPATH\CodeIgniter.php(355): CodeIgniter\CodeIgniter->handleRequest(null, Object(Config\Cache), false)
20 SYSTEMPATH\Boot.php(325): CodeIgniter\CodeIgniter->run()
21 SYSTEMPATH\Boot.php(67): CodeIgniter\Boot::runCodeIgniter(Object(CodeIgniter\CodeIgniter))
22 FCPATH\index.php(56): CodeIgniter\Boot::bootWeb(Object(Config\Paths))
CRITICAL - 2024-07-24 04:13:27 --> [Caused by] mysqli_sql_exception: Table 'hopamthanhca.option' doesn't exist
in SYSTEMPATH\Database\MySQLi\Connection.php on line 312.
 1 SYSTEMPATH\Database\MySQLi\Connection.php(312): mysqli->query('SELECT *
FROM `option`
WHERE `key` IN (\'social_facebook\',\'social_youtube\',\'social_twitter\',\'phonenumber\',\'email\')', 0)
 2 SYSTEMPATH\Database\BaseConnection.php(734): CodeIgniter\Database\MySQLi\Connection->execute('SELECT *
FROM `option`
WHERE `key` IN (\'social_facebook\',\'social_youtube\',\'social_twitter\',\'phonenumber\',\'email\')')
 3 SYSTEMPATH\Database\BaseConnection.php(648): CodeIgniter\Database\BaseConnection->simpleQuery('SELECT *
FROM `option`
WHERE `key` IN (\'social_facebook\',\'social_youtube\',\'social_twitter\',\'phonenumber\',\'email\')')
 4 SYSTEMPATH\Database\BaseBuilder.php(1636): CodeIgniter\Database\BaseConnection->query('SELECT *
FROM `option`
WHERE `key` IN :key:', [...], false)
 5 SYSTEMPATH\Model.php(286): CodeIgniter\Database\BaseBuilder->get()
 6 SYSTEMPATH\BaseModel.php(676): CodeIgniter\Model->doFindAll(0, 0)
 7 APPPATH\Views\Modules\footer.php(12): CodeIgniter\BaseModel->findAll()
 8 APPPATH\Views\Modules\footer.php(21): Footer::getOptions()
 9 SYSTEMPATH\View\View.php(234): include('D:\\xampp\\htdocs\\hopamthanhca-site\\app\\Views\\Modules\\footer.php')
10 SYSTEMPATH\View\View.php(237): CodeIgniter\View\View->CodeIgniter\View\{closure}()
11 SYSTEMPATH\View\View.php(487): CodeIgniter\View\View->render('Modules/footer', null, true)
12 APPPATH\Views\layout.php(60): CodeIgniter\View\View->include('Modules/footer')
13 SYSTEMPATH\View\View.php(234): include('D:\\xampp\\htdocs\\hopamthanhca-site\\app\\Views\\layout.php')
14 SYSTEMPATH\View\View.php(237): CodeIgniter\View\View->CodeIgniter\View\{closure}()
15 SYSTEMPATH\View\View.php(250): CodeIgniter\View\View->render('layout', [], true)
16 SYSTEMPATH\Common.php(1171): CodeIgniter\View\View->render('view_home', [], true)
17 APPPATH\Controllers\Home.php(7): view('view_home')
18 SYSTEMPATH\CodeIgniter.php(933): App\Controllers\Home->index()
19 SYSTEMPATH\CodeIgniter.php(509): CodeIgniter\CodeIgniter->runController(Object(App\Controllers\Home))
20 SYSTEMPATH\CodeIgniter.php(355): CodeIgniter\CodeIgniter->handleRequest(null, Object(Config\Cache), false)
21 SYSTEMPATH\Boot.php(325): CodeIgniter\CodeIgniter->run()
22 SYSTEMPATH\Boot.php(67): CodeIgniter\Boot::runCodeIgniter(Object(CodeIgniter\CodeIgniter))
23 FCPATH\index.php(56): CodeIgniter\Boot::bootWeb(Object(Config\Paths))
ERROR - 2024-07-24 04:13:48 --> mysqli_sql_exception: Table 'hopamthanhca.option' doesn't exist in D:\xampp\htdocs\hopamthanhca-site\system\Database\MySQLi\Connection.php:312
Stack trace:
#0 D:\xampp\htdocs\hopamthanhca-site\system\Database\MySQLi\Connection.php(312): mysqli->query('SELECT *\nFROM `...', 0)
#1 D:\xampp\htdocs\hopamthanhca-site\system\Database\BaseConnection.php(734): CodeIgniter\Database\MySQLi\Connection->execute('SELECT *\nFROM `...')
#2 D:\xampp\htdocs\hopamthanhca-site\system\Database\BaseConnection.php(648): CodeIgniter\Database\BaseConnection->simpleQuery('SELECT *\nFROM `...')
#3 D:\xampp\htdocs\hopamthanhca-site\system\Database\BaseBuilder.php(1636): CodeIgniter\Database\BaseConnection->query('SELECT *\nFROM `...', Array, false)
#4 D:\xampp\htdocs\hopamthanhca-site\system\Model.php(286): CodeIgniter\Database\BaseBuilder->get()
#5 D:\xampp\htdocs\hopamthanhca-site\system\BaseModel.php(676): CodeIgniter\Model->doFindAll(0, 0)
#6 D:\xampp\htdocs\hopamthanhca-site\app\Views\Modules\footer.php(7): CodeIgniter\BaseModel->findAll()
#7 D:\xampp\htdocs\hopamthanhca-site\app\Views\Modules\footer.php(16): Footer::getOptions()
#8 D:\xampp\htdocs\hopamthanhca-site\system\View\View.php(234): include('D:\\xampp\\htdocs...')
#9 D:\xampp\htdocs\hopamthanhca-site\system\View\View.php(237): CodeIgniter\View\View->CodeIgniter\View\{closure}()
#10 D:\xampp\htdocs\hopamthanhca-site\system\View\View.php(487): CodeIgniter\View\View->render('Modules/footer', NULL, true)
#11 D:\xampp\htdocs\hopamthanhca-site\app\Views\layout.php(60): CodeIgniter\View\View->include('Modules/footer')
#12 D:\xampp\htdocs\hopamthanhca-site\system\View\View.php(234): include('D:\\xampp\\htdocs...')
#13 D:\xampp\htdocs\hopamthanhca-site\system\View\View.php(237): CodeIgniter\View\View->CodeIgniter\View\{closure}()
#14 D:\xampp\htdocs\hopamthanhca-site\system\View\View.php(250): CodeIgniter\View\View->render('layout', Array, true)
#15 D:\xampp\htdocs\hopamthanhca-site\system\Common.php(1171): CodeIgniter\View\View->render('view_home', Array, true)
#16 D:\xampp\htdocs\hopamthanhca-site\app\Controllers\Home.php(7): view('view_home')
#17 D:\xampp\htdocs\hopamthanhca-site\system\CodeIgniter.php(933): App\Controllers\Home->index()
#18 D:\xampp\htdocs\hopamthanhca-site\system\CodeIgniter.php(509): CodeIgniter\CodeIgniter->runController(Object(App\Controllers\Home))
#19 D:\xampp\htdocs\hopamthanhca-site\system\CodeIgniter.php(355): CodeIgniter\CodeIgniter->handleRequest(NULL, Object(Config\Cache), false)
#20 D:\xampp\htdocs\hopamthanhca-site\system\Boot.php(325): CodeIgniter\CodeIgniter->run()
#21 D:\xampp\htdocs\hopamthanhca-site\system\Boot.php(67): CodeIgniter\Boot::runCodeIgniter(Object(CodeIgniter\CodeIgniter))
#22 D:\xampp\htdocs\hopamthanhca-site\public\index.php(56): CodeIgniter\Boot::bootWeb(Object(Config\Paths))
#23 {main}
CRITICAL - 2024-07-24 04:13:48 --> CodeIgniter\Database\Exceptions\DatabaseException: Table 'hopamthanhca.option' doesn't exist
[Method: GET, Route: /]
in SYSTEMPATH\Database\BaseConnection.php on line 688.
 1 SYSTEMPATH\Database\BaseBuilder.php(1636): CodeIgniter\Database\BaseConnection->query('SELECT *
FROM `option`
WHERE `key` IN :key:', [...], false)
 2 SYSTEMPATH\Model.php(286): CodeIgniter\Database\BaseBuilder->get()
 3 SYSTEMPATH\BaseModel.php(676): CodeIgniter\Model->doFindAll(0, 0)
 4 APPPATH\Views\Modules\footer.php(7): CodeIgniter\BaseModel->findAll()
 5 APPPATH\Views\Modules\footer.php(16): Footer::getOptions()
 6 SYSTEMPATH\View\View.php(234): include('D:\\xampp\\htdocs\\hopamthanhca-site\\app\\Views\\Modules\\footer.php')
 7 SYSTEMPATH\View\View.php(237): CodeIgniter\View\View->CodeIgniter\View\{closure}()
 8 SYSTEMPATH\View\View.php(487): CodeIgniter\View\View->render('Modules/footer', null, true)
 9 APPPATH\Views\layout.php(60): CodeIgniter\View\View->include('Modules/footer')
10 SYSTEMPATH\View\View.php(234): include('D:\\xampp\\htdocs\\hopamthanhca-site\\app\\Views\\layout.php')
11 SYSTEMPATH\View\View.php(237): CodeIgniter\View\View->CodeIgniter\View\{closure}()
12 SYSTEMPATH\View\View.php(250): CodeIgniter\View\View->render('layout', [], true)
13 SYSTEMPATH\Common.php(1171): CodeIgniter\View\View->render('view_home', [], true)
14 APPPATH\Controllers\Home.php(7): view('view_home')
15 SYSTEMPATH\CodeIgniter.php(933): App\Controllers\Home->index()
16 SYSTEMPATH\CodeIgniter.php(509): CodeIgniter\CodeIgniter->runController(Object(App\Controllers\Home))
17 SYSTEMPATH\CodeIgniter.php(355): CodeIgniter\CodeIgniter->handleRequest(null, Object(Config\Cache), false)
18 SYSTEMPATH\Boot.php(325): CodeIgniter\CodeIgniter->run()
19 SYSTEMPATH\Boot.php(67): CodeIgniter\Boot::runCodeIgniter(Object(CodeIgniter\CodeIgniter))
20 FCPATH\index.php(56): CodeIgniter\Boot::bootWeb(Object(Config\Paths))
CRITICAL - 2024-07-24 04:13:48 --> [Caused by] CodeIgniter\Database\Exceptions\DatabaseException: Table 'hopamthanhca.option' doesn't exist
in SYSTEMPATH\Database\MySQLi\Connection.php on line 317.
 1 SYSTEMPATH\Database\BaseConnection.php(734): CodeIgniter\Database\MySQLi\Connection->execute('SELECT *
FROM `option`
WHERE `key` IN (\'social_facebook\',\'social_youtube\',\'social_twitter\',\'phonenumber\',\'email\')')
 2 SYSTEMPATH\Database\BaseConnection.php(648): CodeIgniter\Database\BaseConnection->simpleQuery('SELECT *
FROM `option`
WHERE `key` IN (\'social_facebook\',\'social_youtube\',\'social_twitter\',\'phonenumber\',\'email\')')
 3 SYSTEMPATH\Database\BaseBuilder.php(1636): CodeIgniter\Database\BaseConnection->query('SELECT *
FROM `option`
WHERE `key` IN :key:', [...], false)
 4 SYSTEMPATH\Model.php(286): CodeIgniter\Database\BaseBuilder->get()
 5 SYSTEMPATH\BaseModel.php(676): CodeIgniter\Model->doFindAll(0, 0)
 6 APPPATH\Views\Modules\footer.php(7): CodeIgniter\BaseModel->findAll()
 7 APPPATH\Views\Modules\footer.php(16): Footer::getOptions()
 8 SYSTEMPATH\View\View.php(234): include('D:\\xampp\\htdocs\\hopamthanhca-site\\app\\Views\\Modules\\footer.php')
 9 SYSTEMPATH\View\View.php(237): CodeIgniter\View\View->CodeIgniter\View\{closure}()
10 SYSTEMPATH\View\View.php(487): CodeIgniter\View\View->render('Modules/footer', null, true)
11 APPPATH\Views\layout.php(60): CodeIgniter\View\View->include('Modules/footer')
12 SYSTEMPATH\View\View.php(234): include('D:\\xampp\\htdocs\\hopamthanhca-site\\app\\Views\\layout.php')
13 SYSTEMPATH\View\View.php(237): CodeIgniter\View\View->CodeIgniter\View\{closure}()
14 SYSTEMPATH\View\View.php(250): CodeIgniter\View\View->render('layout', [], true)
15 SYSTEMPATH\Common.php(1171): CodeIgniter\View\View->render('view_home', [], true)
16 APPPATH\Controllers\Home.php(7): view('view_home')
17 SYSTEMPATH\CodeIgniter.php(933): App\Controllers\Home->index()
18 SYSTEMPATH\CodeIgniter.php(509): CodeIgniter\CodeIgniter->runController(Object(App\Controllers\Home))
19 SYSTEMPATH\CodeIgniter.php(355): CodeIgniter\CodeIgniter->handleRequest(null, Object(Config\Cache), false)
20 SYSTEMPATH\Boot.php(325): CodeIgniter\CodeIgniter->run()
21 SYSTEMPATH\Boot.php(67): CodeIgniter\Boot::runCodeIgniter(Object(CodeIgniter\CodeIgniter))
22 FCPATH\index.php(56): CodeIgniter\Boot::bootWeb(Object(Config\Paths))
CRITICAL - 2024-07-24 04:13:48 --> [Caused by] mysqli_sql_exception: Table 'hopamthanhca.option' doesn't exist
in SYSTEMPATH\Database\MySQLi\Connection.php on line 312.
 1 SYSTEMPATH\Database\MySQLi\Connection.php(312): mysqli->query('SELECT *
FROM `option`
WHERE `key` IN (\'social_facebook\',\'social_youtube\',\'social_twitter\',\'phonenumber\',\'email\')', 0)
 2 SYSTEMPATH\Database\BaseConnection.php(734): CodeIgniter\Database\MySQLi\Connection->execute('SELECT *
FROM `option`
WHERE `key` IN (\'social_facebook\',\'social_youtube\',\'social_twitter\',\'phonenumber\',\'email\')')
 3 SYSTEMPATH\Database\BaseConnection.php(648): CodeIgniter\Database\BaseConnection->simpleQuery('SELECT *
FROM `option`
WHERE `key` IN (\'social_facebook\',\'social_youtube\',\'social_twitter\',\'phonenumber\',\'email\')')
 4 SYSTEMPATH\Database\BaseBuilder.php(1636): CodeIgniter\Database\BaseConnection->query('SELECT *
FROM `option`
WHERE `key` IN :key:', [...], false)
 5 SYSTEMPATH\Model.php(286): CodeIgniter\Database\BaseBuilder->get()
 6 SYSTEMPATH\BaseModel.php(676): CodeIgniter\Model->doFindAll(0, 0)
 7 APPPATH\Views\Modules\footer.php(7): CodeIgniter\BaseModel->findAll()
 8 APPPATH\Views\Modules\footer.php(16): Footer::getOptions()
 9 SYSTEMPATH\View\View.php(234): include('D:\\xampp\\htdocs\\hopamthanhca-site\\app\\Views\\Modules\\footer.php')
10 SYSTEMPATH\View\View.php(237): CodeIgniter\View\View->CodeIgniter\View\{closure}()
11 SYSTEMPATH\View\View.php(487): CodeIgniter\View\View->render('Modules/footer', null, true)
12 APPPATH\Views\layout.php(60): CodeIgniter\View\View->include('Modules/footer')
13 SYSTEMPATH\View\View.php(234): include('D:\\xampp\\htdocs\\hopamthanhca-site\\app\\Views\\layout.php')
14 SYSTEMPATH\View\View.php(237): CodeIgniter\View\View->CodeIgniter\View\{closure}()
15 SYSTEMPATH\View\View.php(250): CodeIgniter\View\View->render('layout', [], true)
16 SYSTEMPATH\Common.php(1171): CodeIgniter\View\View->render('view_home', [], true)
17 APPPATH\Controllers\Home.php(7): view('view_home')
18 SYSTEMPATH\CodeIgniter.php(933): App\Controllers\Home->index()
19 SYSTEMPATH\CodeIgniter.php(509): CodeIgniter\CodeIgniter->runController(Object(App\Controllers\Home))
20 SYSTEMPATH\CodeIgniter.php(355): CodeIgniter\CodeIgniter->handleRequest(null, Object(Config\Cache), false)
21 SYSTEMPATH\Boot.php(325): CodeIgniter\CodeIgniter->run()
22 SYSTEMPATH\Boot.php(67): CodeIgniter\Boot::runCodeIgniter(Object(CodeIgniter\CodeIgniter))
23 FCPATH\index.php(56): CodeIgniter\Boot::bootWeb(Object(Config\Paths))
ERROR - 2024-07-24 04:14:27 --> mysqli_sql_exception: Table 'hopamthanhca.option' doesn't exist in D:\xampp\htdocs\hopamthanhca-site\system\Database\MySQLi\Connection.php:312
Stack trace:
#0 D:\xampp\htdocs\hopamthanhca-site\system\Database\MySQLi\Connection.php(312): mysqli->query('SELECT *\nFROM `...', 0)
#1 D:\xampp\htdocs\hopamthanhca-site\system\Database\BaseConnection.php(734): CodeIgniter\Database\MySQLi\Connection->execute('SELECT *\nFROM `...')
#2 D:\xampp\htdocs\hopamthanhca-site\system\Database\BaseConnection.php(648): CodeIgniter\Database\BaseConnection->simpleQuery('SELECT *\nFROM `...')
#3 D:\xampp\htdocs\hopamthanhca-site\system\Database\BaseBuilder.php(1636): CodeIgniter\Database\BaseConnection->query('SELECT *\nFROM `...', Array, false)
#4 D:\xampp\htdocs\hopamthanhca-site\system\Model.php(286): CodeIgniter\Database\BaseBuilder->get()
#5 D:\xampp\htdocs\hopamthanhca-site\system\BaseModel.php(676): CodeIgniter\Model->doFindAll(0, 0)
#6 D:\xampp\htdocs\hopamthanhca-site\app\Views\Modules\footer.php(9): CodeIgniter\BaseModel->findAll()
#7 D:\xampp\htdocs\hopamthanhca-site\app\Views\Modules\footer.php(18): Footer::getOptions()
#8 D:\xampp\htdocs\hopamthanhca-site\system\View\View.php(234): include('D:\\xampp\\htdocs...')
#9 D:\xampp\htdocs\hopamthanhca-site\system\View\View.php(237): CodeIgniter\View\View->CodeIgniter\View\{closure}()
#10 D:\xampp\htdocs\hopamthanhca-site\system\View\View.php(487): CodeIgniter\View\View->render('Modules/footer', NULL, true)
#11 D:\xampp\htdocs\hopamthanhca-site\app\Views\layout.php(60): CodeIgniter\View\View->include('Modules/footer')
#12 D:\xampp\htdocs\hopamthanhca-site\system\View\View.php(234): include('D:\\xampp\\htdocs...')
#13 D:\xampp\htdocs\hopamthanhca-site\system\View\View.php(237): CodeIgniter\View\View->CodeIgniter\View\{closure}()
#14 D:\xampp\htdocs\hopamthanhca-site\system\View\View.php(250): CodeIgniter\View\View->render('layout', Array, true)
#15 D:\xampp\htdocs\hopamthanhca-site\system\Common.php(1171): CodeIgniter\View\View->render('view_home', Array, true)
#16 D:\xampp\htdocs\hopamthanhca-site\app\Controllers\Home.php(7): view('view_home')
#17 D:\xampp\htdocs\hopamthanhca-site\system\CodeIgniter.php(933): App\Controllers\Home->index()
#18 D:\xampp\htdocs\hopamthanhca-site\system\CodeIgniter.php(509): CodeIgniter\CodeIgniter->runController(Object(App\Controllers\Home))
#19 D:\xampp\htdocs\hopamthanhca-site\system\CodeIgniter.php(355): CodeIgniter\CodeIgniter->handleRequest(NULL, Object(Config\Cache), false)
#20 D:\xampp\htdocs\hopamthanhca-site\system\Boot.php(325): CodeIgniter\CodeIgniter->run()
#21 D:\xampp\htdocs\hopamthanhca-site\system\Boot.php(67): CodeIgniter\Boot::runCodeIgniter(Object(CodeIgniter\CodeIgniter))
#22 D:\xampp\htdocs\hopamthanhca-site\public\index.php(56): CodeIgniter\Boot::bootWeb(Object(Config\Paths))
#23 {main}
CRITICAL - 2024-07-24 04:14:27 --> CodeIgniter\Database\Exceptions\DatabaseException: Table 'hopamthanhca.option' doesn't exist
[Method: GET, Route: /]
in SYSTEMPATH\Database\BaseConnection.php on line 688.
 1 SYSTEMPATH\Database\BaseBuilder.php(1636): CodeIgniter\Database\BaseConnection->query('SELECT *
FROM `option`
WHERE `key` IN :key:', [...], false)
 2 SYSTEMPATH\Model.php(286): CodeIgniter\Database\BaseBuilder->get()
 3 SYSTEMPATH\BaseModel.php(676): CodeIgniter\Model->doFindAll(0, 0)
 4 APPPATH\Views\Modules\footer.php(9): CodeIgniter\BaseModel->findAll()
 5 APPPATH\Views\Modules\footer.php(18): Footer::getOptions()
 6 SYSTEMPATH\View\View.php(234): include('D:\\xampp\\htdocs\\hopamthanhca-site\\app\\Views\\Modules\\footer.php')
 7 SYSTEMPATH\View\View.php(237): CodeIgniter\View\View->CodeIgniter\View\{closure}()
 8 SYSTEMPATH\View\View.php(487): CodeIgniter\View\View->render('Modules/footer', null, true)
 9 APPPATH\Views\layout.php(60): CodeIgniter\View\View->include('Modules/footer')
10 SYSTEMPATH\View\View.php(234): include('D:\\xampp\\htdocs\\hopamthanhca-site\\app\\Views\\layout.php')
11 SYSTEMPATH\View\View.php(237): CodeIgniter\View\View->CodeIgniter\View\{closure}()
12 SYSTEMPATH\View\View.php(250): CodeIgniter\View\View->render('layout', [], true)
13 SYSTEMPATH\Common.php(1171): CodeIgniter\View\View->render('view_home', [], true)
14 APPPATH\Controllers\Home.php(7): view('view_home')
15 SYSTEMPATH\CodeIgniter.php(933): App\Controllers\Home->index()
16 SYSTEMPATH\CodeIgniter.php(509): CodeIgniter\CodeIgniter->runController(Object(App\Controllers\Home))
17 SYSTEMPATH\CodeIgniter.php(355): CodeIgniter\CodeIgniter->handleRequest(null, Object(Config\Cache), false)
18 SYSTEMPATH\Boot.php(325): CodeIgniter\CodeIgniter->run()
19 SYSTEMPATH\Boot.php(67): CodeIgniter\Boot::runCodeIgniter(Object(CodeIgniter\CodeIgniter))
20 FCPATH\index.php(56): CodeIgniter\Boot::bootWeb(Object(Config\Paths))
CRITICAL - 2024-07-24 04:14:27 --> [Caused by] CodeIgniter\Database\Exceptions\DatabaseException: Table 'hopamthanhca.option' doesn't exist
in SYSTEMPATH\Database\MySQLi\Connection.php on line 317.
 1 SYSTEMPATH\Database\BaseConnection.php(734): CodeIgniter\Database\MySQLi\Connection->execute('SELECT *
FROM `option`
WHERE `key` IN (\'social_facebook\',\'social_youtube\',\'social_twitter\',\'phonenumber\',\'email\')')
 2 SYSTEMPATH\Database\BaseConnection.php(648): CodeIgniter\Database\BaseConnection->simpleQuery('SELECT *
FROM `option`
WHERE `key` IN (\'social_facebook\',\'social_youtube\',\'social_twitter\',\'phonenumber\',\'email\')')
 3 SYSTEMPATH\Database\BaseBuilder.php(1636): CodeIgniter\Database\BaseConnection->query('SELECT *
FROM `option`
WHERE `key` IN :key:', [...], false)
 4 SYSTEMPATH\Model.php(286): CodeIgniter\Database\BaseBuilder->get()
 5 SYSTEMPATH\BaseModel.php(676): CodeIgniter\Model->doFindAll(0, 0)
 6 APPPATH\Views\Modules\footer.php(9): CodeIgniter\BaseModel->findAll()
 7 APPPATH\Views\Modules\footer.php(18): Footer::getOptions()
 8 SYSTEMPATH\View\View.php(234): include('D:\\xampp\\htdocs\\hopamthanhca-site\\app\\Views\\Modules\\footer.php')
 9 SYSTEMPATH\View\View.php(237): CodeIgniter\View\View->CodeIgniter\View\{closure}()
10 SYSTEMPATH\View\View.php(487): CodeIgniter\View\View->render('Modules/footer', null, true)
11 APPPATH\Views\layout.php(60): CodeIgniter\View\View->include('Modules/footer')
12 SYSTEMPATH\View\View.php(234): include('D:\\xampp\\htdocs\\hopamthanhca-site\\app\\Views\\layout.php')
13 SYSTEMPATH\View\View.php(237): CodeIgniter\View\View->CodeIgniter\View\{closure}()
14 SYSTEMPATH\View\View.php(250): CodeIgniter\View\View->render('layout', [], true)
15 SYSTEMPATH\Common.php(1171): CodeIgniter\View\View->render('view_home', [], true)
16 APPPATH\Controllers\Home.php(7): view('view_home')
17 SYSTEMPATH\CodeIgniter.php(933): App\Controllers\Home->index()
18 SYSTEMPATH\CodeIgniter.php(509): CodeIgniter\CodeIgniter->runController(Object(App\Controllers\Home))
19 SYSTEMPATH\CodeIgniter.php(355): CodeIgniter\CodeIgniter->handleRequest(null, Object(Config\Cache), false)
20 SYSTEMPATH\Boot.php(325): CodeIgniter\CodeIgniter->run()
21 SYSTEMPATH\Boot.php(67): CodeIgniter\Boot::runCodeIgniter(Object(CodeIgniter\CodeIgniter))
22 FCPATH\index.php(56): CodeIgniter\Boot::bootWeb(Object(Config\Paths))
CRITICAL - 2024-07-24 04:14:27 --> [Caused by] mysqli_sql_exception: Table 'hopamthanhca.option' doesn't exist
in SYSTEMPATH\Database\MySQLi\Connection.php on line 312.
 1 SYSTEMPATH\Database\MySQLi\Connection.php(312): mysqli->query('SELECT *
FROM `option`
WHERE `key` IN (\'social_facebook\',\'social_youtube\',\'social_twitter\',\'phonenumber\',\'email\')', 0)
 2 SYSTEMPATH\Database\BaseConnection.php(734): CodeIgniter\Database\MySQLi\Connection->execute('SELECT *
FROM `option`
WHERE `key` IN (\'social_facebook\',\'social_youtube\',\'social_twitter\',\'phonenumber\',\'email\')')
 3 SYSTEMPATH\Database\BaseConnection.php(648): CodeIgniter\Database\BaseConnection->simpleQuery('SELECT *
FROM `option`
WHERE `key` IN (\'social_facebook\',\'social_youtube\',\'social_twitter\',\'phonenumber\',\'email\')')
 4 SYSTEMPATH\Database\BaseBuilder.php(1636): CodeIgniter\Database\BaseConnection->query('SELECT *
FROM `option`
WHERE `key` IN :key:', [...], false)
 5 SYSTEMPATH\Model.php(286): CodeIgniter\Database\BaseBuilder->get()
 6 SYSTEMPATH\BaseModel.php(676): CodeIgniter\Model->doFindAll(0, 0)
 7 APPPATH\Views\Modules\footer.php(9): CodeIgniter\BaseModel->findAll()
 8 APPPATH\Views\Modules\footer.php(18): Footer::getOptions()
 9 SYSTEMPATH\View\View.php(234): include('D:\\xampp\\htdocs\\hopamthanhca-site\\app\\Views\\Modules\\footer.php')
10 SYSTEMPATH\View\View.php(237): CodeIgniter\View\View->CodeIgniter\View\{closure}()
11 SYSTEMPATH\View\View.php(487): CodeIgniter\View\View->render('Modules/footer', null, true)
12 APPPATH\Views\layout.php(60): CodeIgniter\View\View->include('Modules/footer')
13 SYSTEMPATH\View\View.php(234): include('D:\\xampp\\htdocs\\hopamthanhca-site\\app\\Views\\layout.php')
14 SYSTEMPATH\View\View.php(237): CodeIgniter\View\View->CodeIgniter\View\{closure}()
15 SYSTEMPATH\View\View.php(250): CodeIgniter\View\View->render('layout', [], true)
16 SYSTEMPATH\Common.php(1171): CodeIgniter\View\View->render('view_home', [], true)
17 APPPATH\Controllers\Home.php(7): view('view_home')
18 SYSTEMPATH\CodeIgniter.php(933): App\Controllers\Home->index()
19 SYSTEMPATH\CodeIgniter.php(509): CodeIgniter\CodeIgniter->runController(Object(App\Controllers\Home))
20 SYSTEMPATH\CodeIgniter.php(355): CodeIgniter\CodeIgniter->handleRequest(null, Object(Config\Cache), false)
21 SYSTEMPATH\Boot.php(325): CodeIgniter\CodeIgniter->run()
22 SYSTEMPATH\Boot.php(67): CodeIgniter\Boot::runCodeIgniter(Object(CodeIgniter\CodeIgniter))
23 FCPATH\index.php(56): CodeIgniter\Boot::bootWeb(Object(Config\Paths))
ERROR - 2024-07-24 04:14:56 --> mysqli_sql_exception: Table 'hopamthanhca.option' doesn't exist in D:\xampp\htdocs\hopamthanhca-site\system\Database\MySQLi\Connection.php:312
Stack trace:
#0 D:\xampp\htdocs\hopamthanhca-site\system\Database\MySQLi\Connection.php(312): mysqli->query('SELECT *\nFROM `...', 0)
#1 D:\xampp\htdocs\hopamthanhca-site\system\Database\BaseConnection.php(734): CodeIgniter\Database\MySQLi\Connection->execute('SELECT *\nFROM `...')
#2 D:\xampp\htdocs\hopamthanhca-site\system\Database\BaseConnection.php(648): CodeIgniter\Database\BaseConnection->simpleQuery('SELECT *\nFROM `...')
#3 D:\xampp\htdocs\hopamthanhca-site\system\Database\BaseBuilder.php(1636): CodeIgniter\Database\BaseConnection->query('SELECT *\nFROM `...', Array, false)
#4 D:\xampp\htdocs\hopamthanhca-site\system\Model.php(286): CodeIgniter\Database\BaseBuilder->get()
#5 D:\xampp\htdocs\hopamthanhca-site\system\BaseModel.php(676): CodeIgniter\Model->doFindAll(0, 0)
#6 D:\xampp\htdocs\hopamthanhca-site\app\Views\Modules\footer.php(9): CodeIgniter\BaseModel->findAll()
#7 D:\xampp\htdocs\hopamthanhca-site\app\Views\Modules\footer.php(18): Footer::getOptions()
#8 D:\xampp\htdocs\hopamthanhca-site\system\View\View.php(234): include('D:\\xampp\\htdocs...')
#9 D:\xampp\htdocs\hopamthanhca-site\system\View\View.php(237): CodeIgniter\View\View->CodeIgniter\View\{closure}()
#10 D:\xampp\htdocs\hopamthanhca-site\system\View\View.php(487): CodeIgniter\View\View->render('Modules/footer', NULL, true)
#11 D:\xampp\htdocs\hopamthanhca-site\app\Views\layout.php(60): CodeIgniter\View\View->include('Modules/footer')
#12 D:\xampp\htdocs\hopamthanhca-site\system\View\View.php(234): include('D:\\xampp\\htdocs...')
#13 D:\xampp\htdocs\hopamthanhca-site\system\View\View.php(237): CodeIgniter\View\View->CodeIgniter\View\{closure}()
#14 D:\xampp\htdocs\hopamthanhca-site\system\View\View.php(250): CodeIgniter\View\View->render('layout', Array, true)
#15 D:\xampp\htdocs\hopamthanhca-site\system\Common.php(1171): CodeIgniter\View\View->render('view_home', Array, true)
#16 D:\xampp\htdocs\hopamthanhca-site\app\Controllers\Home.php(7): view('view_home')
#17 D:\xampp\htdocs\hopamthanhca-site\system\CodeIgniter.php(933): App\Controllers\Home->index()
#18 D:\xampp\htdocs\hopamthanhca-site\system\CodeIgniter.php(509): CodeIgniter\CodeIgniter->runController(Object(App\Controllers\Home))
#19 D:\xampp\htdocs\hopamthanhca-site\system\CodeIgniter.php(355): CodeIgniter\CodeIgniter->handleRequest(NULL, Object(Config\Cache), false)
#20 D:\xampp\htdocs\hopamthanhca-site\system\Boot.php(325): CodeIgniter\CodeIgniter->run()
#21 D:\xampp\htdocs\hopamthanhca-site\system\Boot.php(67): CodeIgniter\Boot::runCodeIgniter(Object(CodeIgniter\CodeIgniter))
#22 D:\xampp\htdocs\hopamthanhca-site\public\index.php(56): CodeIgniter\Boot::bootWeb(Object(Config\Paths))
#23 {main}
CRITICAL - 2024-07-24 04:14:56 --> CodeIgniter\Database\Exceptions\DatabaseException: Table 'hopamthanhca.option' doesn't exist
[Method: GET, Route: /]
in SYSTEMPATH\Database\BaseConnection.php on line 688.
 1 SYSTEMPATH\Database\BaseBuilder.php(1636): CodeIgniter\Database\BaseConnection->query('SELECT *
FROM `option`
WHERE `key` IN :key:', [...], false)
 2 SYSTEMPATH\Model.php(286): CodeIgniter\Database\BaseBuilder->get()
 3 SYSTEMPATH\BaseModel.php(676): CodeIgniter\Model->doFindAll(0, 0)
 4 APPPATH\Views\Modules\footer.php(9): CodeIgniter\BaseModel->findAll()
 5 APPPATH\Views\Modules\footer.php(18): Footer::getOptions()
 6 SYSTEMPATH\View\View.php(234): include('D:\\xampp\\htdocs\\hopamthanhca-site\\app\\Views\\Modules\\footer.php')
 7 SYSTEMPATH\View\View.php(237): CodeIgniter\View\View->CodeIgniter\View\{closure}()
 8 SYSTEMPATH\View\View.php(487): CodeIgniter\View\View->render('Modules/footer', null, true)
 9 APPPATH\Views\layout.php(60): CodeIgniter\View\View->include('Modules/footer')
10 SYSTEMPATH\View\View.php(234): include('D:\\xampp\\htdocs\\hopamthanhca-site\\app\\Views\\layout.php')
11 SYSTEMPATH\View\View.php(237): CodeIgniter\View\View->CodeIgniter\View\{closure}()
12 SYSTEMPATH\View\View.php(250): CodeIgniter\View\View->render('layout', [], true)
13 SYSTEMPATH\Common.php(1171): CodeIgniter\View\View->render('view_home', [], true)
14 APPPATH\Controllers\Home.php(7): view('view_home')
15 SYSTEMPATH\CodeIgniter.php(933): App\Controllers\Home->index()
16 SYSTEMPATH\CodeIgniter.php(509): CodeIgniter\CodeIgniter->runController(Object(App\Controllers\Home))
17 SYSTEMPATH\CodeIgniter.php(355): CodeIgniter\CodeIgniter->handleRequest(null, Object(Config\Cache), false)
18 SYSTEMPATH\Boot.php(325): CodeIgniter\CodeIgniter->run()
19 SYSTEMPATH\Boot.php(67): CodeIgniter\Boot::runCodeIgniter(Object(CodeIgniter\CodeIgniter))
20 FCPATH\index.php(56): CodeIgniter\Boot::bootWeb(Object(Config\Paths))
CRITICAL - 2024-07-24 04:14:56 --> [Caused by] CodeIgniter\Database\Exceptions\DatabaseException: Table 'hopamthanhca.option' doesn't exist
in SYSTEMPATH\Database\MySQLi\Connection.php on line 317.
 1 SYSTEMPATH\Database\BaseConnection.php(734): CodeIgniter\Database\MySQLi\Connection->execute('SELECT *
FROM `option`
WHERE `key` IN (\'social_facebook\',\'social_youtube\',\'social_twitter\',\'phonenumber\',\'email\')')
 2 SYSTEMPATH\Database\BaseConnection.php(648): CodeIgniter\Database\BaseConnection->simpleQuery('SELECT *
FROM `option`
WHERE `key` IN (\'social_facebook\',\'social_youtube\',\'social_twitter\',\'phonenumber\',\'email\')')
 3 SYSTEMPATH\Database\BaseBuilder.php(1636): CodeIgniter\Database\BaseConnection->query('SELECT *
FROM `option`
WHERE `key` IN :key:', [...], false)
 4 SYSTEMPATH\Model.php(286): CodeIgniter\Database\BaseBuilder->get()
 5 SYSTEMPATH\BaseModel.php(676): CodeIgniter\Model->doFindAll(0, 0)
 6 APPPATH\Views\Modules\footer.php(9): CodeIgniter\BaseModel->findAll()
 7 APPPATH\Views\Modules\footer.php(18): Footer::getOptions()
 8 SYSTEMPATH\View\View.php(234): include('D:\\xampp\\htdocs\\hopamthanhca-site\\app\\Views\\Modules\\footer.php')
 9 SYSTEMPATH\View\View.php(237): CodeIgniter\View\View->CodeIgniter\View\{closure}()
10 SYSTEMPATH\View\View.php(487): CodeIgniter\View\View->render('Modules/footer', null, true)
11 APPPATH\Views\layout.php(60): CodeIgniter\View\View->include('Modules/footer')
12 SYSTEMPATH\View\View.php(234): include('D:\\xampp\\htdocs\\hopamthanhca-site\\app\\Views\\layout.php')
13 SYSTEMPATH\View\View.php(237): CodeIgniter\View\View->CodeIgniter\View\{closure}()
14 SYSTEMPATH\View\View.php(250): CodeIgniter\View\View->render('layout', [], true)
15 SYSTEMPATH\Common.php(1171): CodeIgniter\View\View->render('view_home', [], true)
16 APPPATH\Controllers\Home.php(7): view('view_home')
17 SYSTEMPATH\CodeIgniter.php(933): App\Controllers\Home->index()
18 SYSTEMPATH\CodeIgniter.php(509): CodeIgniter\CodeIgniter->runController(Object(App\Controllers\Home))
19 SYSTEMPATH\CodeIgniter.php(355): CodeIgniter\CodeIgniter->handleRequest(null, Object(Config\Cache), false)
20 SYSTEMPATH\Boot.php(325): CodeIgniter\CodeIgniter->run()
21 SYSTEMPATH\Boot.php(67): CodeIgniter\Boot::runCodeIgniter(Object(CodeIgniter\CodeIgniter))
22 FCPATH\index.php(56): CodeIgniter\Boot::bootWeb(Object(Config\Paths))
CRITICAL - 2024-07-24 04:14:56 --> [Caused by] mysqli_sql_exception: Table 'hopamthanhca.option' doesn't exist
in SYSTEMPATH\Database\MySQLi\Connection.php on line 312.
 1 SYSTEMPATH\Database\MySQLi\Connection.php(312): mysqli->query('SELECT *
FROM `option`
WHERE `key` IN (\'social_facebook\',\'social_youtube\',\'social_twitter\',\'phonenumber\',\'email\')', 0)
 2 SYSTEMPATH\Database\BaseConnection.php(734): CodeIgniter\Database\MySQLi\Connection->execute('SELECT *
FROM `option`
WHERE `key` IN (\'social_facebook\',\'social_youtube\',\'social_twitter\',\'phonenumber\',\'email\')')
 3 SYSTEMPATH\Database\BaseConnection.php(648): CodeIgniter\Database\BaseConnection->simpleQuery('SELECT *
FROM `option`
WHERE `key` IN (\'social_facebook\',\'social_youtube\',\'social_twitter\',\'phonenumber\',\'email\')')
 4 SYSTEMPATH\Database\BaseBuilder.php(1636): CodeIgniter\Database\BaseConnection->query('SELECT *
FROM `option`
WHERE `key` IN :key:', [...], false)
 5 SYSTEMPATH\Model.php(286): CodeIgniter\Database\BaseBuilder->get()
 6 SYSTEMPATH\BaseModel.php(676): CodeIgniter\Model->doFindAll(0, 0)
 7 APPPATH\Views\Modules\footer.php(9): CodeIgniter\BaseModel->findAll()
 8 APPPATH\Views\Modules\footer.php(18): Footer::getOptions()
 9 SYSTEMPATH\View\View.php(234): include('D:\\xampp\\htdocs\\hopamthanhca-site\\app\\Views\\Modules\\footer.php')
10 SYSTEMPATH\View\View.php(237): CodeIgniter\View\View->CodeIgniter\View\{closure}()
11 SYSTEMPATH\View\View.php(487): CodeIgniter\View\View->render('Modules/footer', null, true)
12 APPPATH\Views\layout.php(60): CodeIgniter\View\View->include('Modules/footer')
13 SYSTEMPATH\View\View.php(234): include('D:\\xampp\\htdocs\\hopamthanhca-site\\app\\Views\\layout.php')
14 SYSTEMPATH\View\View.php(237): CodeIgniter\View\View->CodeIgniter\View\{closure}()
15 SYSTEMPATH\View\View.php(250): CodeIgniter\View\View->render('layout', [], true)
16 SYSTEMPATH\Common.php(1171): CodeIgniter\View\View->render('view_home', [], true)
17 APPPATH\Controllers\Home.php(7): view('view_home')
18 SYSTEMPATH\CodeIgniter.php(933): App\Controllers\Home->index()
19 SYSTEMPATH\CodeIgniter.php(509): CodeIgniter\CodeIgniter->runController(Object(App\Controllers\Home))
20 SYSTEMPATH\CodeIgniter.php(355): CodeIgniter\CodeIgniter->handleRequest(null, Object(Config\Cache), false)
21 SYSTEMPATH\Boot.php(325): CodeIgniter\CodeIgniter->run()
22 SYSTEMPATH\Boot.php(67): CodeIgniter\Boot::runCodeIgniter(Object(CodeIgniter\CodeIgniter))
23 FCPATH\index.php(56): CodeIgniter\Boot::bootWeb(Object(Config\Paths))
ERROR - 2024-07-24 04:15:37 --> mysqli_sql_exception: Table 'hopamthanhca.option' doesn't exist in D:\xampp\htdocs\hopamthanhca-site\system\Database\MySQLi\Connection.php:312
Stack trace:
#0 D:\xampp\htdocs\hopamthanhca-site\system\Database\MySQLi\Connection.php(312): mysqli->query('SELECT *\nFROM `...', 0)
#1 D:\xampp\htdocs\hopamthanhca-site\system\Database\BaseConnection.php(734): CodeIgniter\Database\MySQLi\Connection->execute('SELECT *\nFROM `...')
#2 D:\xampp\htdocs\hopamthanhca-site\system\Database\BaseConnection.php(648): CodeIgniter\Database\BaseConnection->simpleQuery('SELECT *\nFROM `...')
#3 D:\xampp\htdocs\hopamthanhca-site\system\Database\BaseBuilder.php(1636): CodeIgniter\Database\BaseConnection->query('SELECT *\nFROM `...', Array, false)
#4 D:\xampp\htdocs\hopamthanhca-site\system\Model.php(286): CodeIgniter\Database\BaseBuilder->get()
#5 D:\xampp\htdocs\hopamthanhca-site\system\BaseModel.php(676): CodeIgniter\Model->doFindAll(0, 0)
#6 D:\xampp\htdocs\hopamthanhca-site\app\Views\Modules\footer.php(9): CodeIgniter\BaseModel->findAll()
#7 D:\xampp\htdocs\hopamthanhca-site\app\Views\Modules\footer.php(17): Footer::getOptions()
#8 D:\xampp\htdocs\hopamthanhca-site\system\View\View.php(234): include('D:\\xampp\\htdocs...')
#9 D:\xampp\htdocs\hopamthanhca-site\system\View\View.php(237): CodeIgniter\View\View->CodeIgniter\View\{closure}()
#10 D:\xampp\htdocs\hopamthanhca-site\system\View\View.php(487): CodeIgniter\View\View->render('Modules/footer', NULL, true)
#11 D:\xampp\htdocs\hopamthanhca-site\app\Views\layout.php(60): CodeIgniter\View\View->include('Modules/footer')
#12 D:\xampp\htdocs\hopamthanhca-site\system\View\View.php(234): include('D:\\xampp\\htdocs...')
#13 D:\xampp\htdocs\hopamthanhca-site\system\View\View.php(237): CodeIgniter\View\View->CodeIgniter\View\{closure}()
#14 D:\xampp\htdocs\hopamthanhca-site\system\View\View.php(250): CodeIgniter\View\View->render('layout', Array, true)
#15 D:\xampp\htdocs\hopamthanhca-site\system\Common.php(1171): CodeIgniter\View\View->render('view_home', Array, true)
#16 D:\xampp\htdocs\hopamthanhca-site\app\Controllers\Home.php(7): view('view_home')
#17 D:\xampp\htdocs\hopamthanhca-site\system\CodeIgniter.php(933): App\Controllers\Home->index()
#18 D:\xampp\htdocs\hopamthanhca-site\system\CodeIgniter.php(509): CodeIgniter\CodeIgniter->runController(Object(App\Controllers\Home))
#19 D:\xampp\htdocs\hopamthanhca-site\system\CodeIgniter.php(355): CodeIgniter\CodeIgniter->handleRequest(NULL, Object(Config\Cache), false)
#20 D:\xampp\htdocs\hopamthanhca-site\system\Boot.php(325): CodeIgniter\CodeIgniter->run()
#21 D:\xampp\htdocs\hopamthanhca-site\system\Boot.php(67): CodeIgniter\Boot::runCodeIgniter(Object(CodeIgniter\CodeIgniter))
#22 D:\xampp\htdocs\hopamthanhca-site\public\index.php(56): CodeIgniter\Boot::bootWeb(Object(Config\Paths))
#23 {main}
CRITICAL - 2024-07-24 04:15:37 --> CodeIgniter\Database\Exceptions\DatabaseException: Table 'hopamthanhca.option' doesn't exist
[Method: GET, Route: /]
in SYSTEMPATH\Database\BaseConnection.php on line 688.
 1 SYSTEMPATH\Database\BaseBuilder.php(1636): CodeIgniter\Database\BaseConnection->query('SELECT *
FROM `option`
WHERE `key` IN :key:', [...], false)
 2 SYSTEMPATH\Model.php(286): CodeIgniter\Database\BaseBuilder->get()
 3 SYSTEMPATH\BaseModel.php(676): CodeIgniter\Model->doFindAll(0, 0)
 4 APPPATH\Views\Modules\footer.php(9): CodeIgniter\BaseModel->findAll()
 5 APPPATH\Views\Modules\footer.php(17): Footer::getOptions()
 6 SYSTEMPATH\View\View.php(234): include('D:\\xampp\\htdocs\\hopamthanhca-site\\app\\Views\\Modules\\footer.php')
 7 SYSTEMPATH\View\View.php(237): CodeIgniter\View\View->CodeIgniter\View\{closure}()
 8 SYSTEMPATH\View\View.php(487): CodeIgniter\View\View->render('Modules/footer', null, true)
 9 APPPATH\Views\layout.php(60): CodeIgniter\View\View->include('Modules/footer')
10 SYSTEMPATH\View\View.php(234): include('D:\\xampp\\htdocs\\hopamthanhca-site\\app\\Views\\layout.php')
11 SYSTEMPATH\View\View.php(237): CodeIgniter\View\View->CodeIgniter\View\{closure}()
12 SYSTEMPATH\View\View.php(250): CodeIgniter\View\View->render('layout', [], true)
13 SYSTEMPATH\Common.php(1171): CodeIgniter\View\View->render('view_home', [], true)
14 APPPATH\Controllers\Home.php(7): view('view_home')
15 SYSTEMPATH\CodeIgniter.php(933): App\Controllers\Home->index()
16 SYSTEMPATH\CodeIgniter.php(509): CodeIgniter\CodeIgniter->runController(Object(App\Controllers\Home))
17 SYSTEMPATH\CodeIgniter.php(355): CodeIgniter\CodeIgniter->handleRequest(null, Object(Config\Cache), false)
18 SYSTEMPATH\Boot.php(325): CodeIgniter\CodeIgniter->run()
19 SYSTEMPATH\Boot.php(67): CodeIgniter\Boot::runCodeIgniter(Object(CodeIgniter\CodeIgniter))
20 FCPATH\index.php(56): CodeIgniter\Boot::bootWeb(Object(Config\Paths))
CRITICAL - 2024-07-24 04:15:37 --> [Caused by] CodeIgniter\Database\Exceptions\DatabaseException: Table 'hopamthanhca.option' doesn't exist
in SYSTEMPATH\Database\MySQLi\Connection.php on line 317.
 1 SYSTEMPATH\Database\BaseConnection.php(734): CodeIgniter\Database\MySQLi\Connection->execute('SELECT *
FROM `option`
WHERE `key` IN (\'social_facebook\',\'social_youtube\',\'social_twitter\',\'phonenumber\',\'email\')')
 2 SYSTEMPATH\Database\BaseConnection.php(648): CodeIgniter\Database\BaseConnection->simpleQuery('SELECT *
FROM `option`
WHERE `key` IN (\'social_facebook\',\'social_youtube\',\'social_twitter\',\'phonenumber\',\'email\')')
 3 SYSTEMPATH\Database\BaseBuilder.php(1636): CodeIgniter\Database\BaseConnection->query('SELECT *
FROM `option`
WHERE `key` IN :key:', [...], false)
 4 SYSTEMPATH\Model.php(286): CodeIgniter\Database\BaseBuilder->get()
 5 SYSTEMPATH\BaseModel.php(676): CodeIgniter\Model->doFindAll(0, 0)
 6 APPPATH\Views\Modules\footer.php(9): CodeIgniter\BaseModel->findAll()
 7 APPPATH\Views\Modules\footer.php(17): Footer::getOptions()
 8 SYSTEMPATH\View\View.php(234): include('D:\\xampp\\htdocs\\hopamthanhca-site\\app\\Views\\Modules\\footer.php')
 9 SYSTEMPATH\View\View.php(237): CodeIgniter\View\View->CodeIgniter\View\{closure}()
10 SYSTEMPATH\View\View.php(487): CodeIgniter\View\View->render('Modules/footer', null, true)
11 APPPATH\Views\layout.php(60): CodeIgniter\View\View->include('Modules/footer')
12 SYSTEMPATH\View\View.php(234): include('D:\\xampp\\htdocs\\hopamthanhca-site\\app\\Views\\layout.php')
13 SYSTEMPATH\View\View.php(237): CodeIgniter\View\View->CodeIgniter\View\{closure}()
14 SYSTEMPATH\View\View.php(250): CodeIgniter\View\View->render('layout', [], true)
15 SYSTEMPATH\Common.php(1171): CodeIgniter\View\View->render('view_home', [], true)
16 APPPATH\Controllers\Home.php(7): view('view_home')
17 SYSTEMPATH\CodeIgniter.php(933): App\Controllers\Home->index()
18 SYSTEMPATH\CodeIgniter.php(509): CodeIgniter\CodeIgniter->runController(Object(App\Controllers\Home))
19 SYSTEMPATH\CodeIgniter.php(355): CodeIgniter\CodeIgniter->handleRequest(null, Object(Config\Cache), false)
20 SYSTEMPATH\Boot.php(325): CodeIgniter\CodeIgniter->run()
21 SYSTEMPATH\Boot.php(67): CodeIgniter\Boot::runCodeIgniter(Object(CodeIgniter\CodeIgniter))
22 FCPATH\index.php(56): CodeIgniter\Boot::bootWeb(Object(Config\Paths))
CRITICAL - 2024-07-24 04:15:37 --> [Caused by] mysqli_sql_exception: Table 'hopamthanhca.option' doesn't exist
in SYSTEMPATH\Database\MySQLi\Connection.php on line 312.
 1 SYSTEMPATH\Database\MySQLi\Connection.php(312): mysqli->query('SELECT *
FROM `option`
WHERE `key` IN (\'social_facebook\',\'social_youtube\',\'social_twitter\',\'phonenumber\',\'email\')', 0)
 2 SYSTEMPATH\Database\BaseConnection.php(734): CodeIgniter\Database\MySQLi\Connection->execute('SELECT *
FROM `option`
WHERE `key` IN (\'social_facebook\',\'social_youtube\',\'social_twitter\',\'phonenumber\',\'email\')')
 3 SYSTEMPATH\Database\BaseConnection.php(648): CodeIgniter\Database\BaseConnection->simpleQuery('SELECT *
FROM `option`
WHERE `key` IN (\'social_facebook\',\'social_youtube\',\'social_twitter\',\'phonenumber\',\'email\')')
 4 SYSTEMPATH\Database\BaseBuilder.php(1636): CodeIgniter\Database\BaseConnection->query('SELECT *
FROM `option`
WHERE `key` IN :key:', [...], false)
 5 SYSTEMPATH\Model.php(286): CodeIgniter\Database\BaseBuilder->get()
 6 SYSTEMPATH\BaseModel.php(676): CodeIgniter\Model->doFindAll(0, 0)
 7 APPPATH\Views\Modules\footer.php(9): CodeIgniter\BaseModel->findAll()
 8 APPPATH\Views\Modules\footer.php(17): Footer::getOptions()
 9 SYSTEMPATH\View\View.php(234): include('D:\\xampp\\htdocs\\hopamthanhca-site\\app\\Views\\Modules\\footer.php')
10 SYSTEMPATH\View\View.php(237): CodeIgniter\View\View->CodeIgniter\View\{closure}()
11 SYSTEMPATH\View\View.php(487): CodeIgniter\View\View->render('Modules/footer', null, true)
12 APPPATH\Views\layout.php(60): CodeIgniter\View\View->include('Modules/footer')
13 SYSTEMPATH\View\View.php(234): include('D:\\xampp\\htdocs\\hopamthanhca-site\\app\\Views\\layout.php')
14 SYSTEMPATH\View\View.php(237): CodeIgniter\View\View->CodeIgniter\View\{closure}()
15 SYSTEMPATH\View\View.php(250): CodeIgniter\View\View->render('layout', [], true)
16 SYSTEMPATH\Common.php(1171): CodeIgniter\View\View->render('view_home', [], true)
17 APPPATH\Controllers\Home.php(7): view('view_home')
18 SYSTEMPATH\CodeIgniter.php(933): App\Controllers\Home->index()
19 SYSTEMPATH\CodeIgniter.php(509): CodeIgniter\CodeIgniter->runController(Object(App\Controllers\Home))
20 SYSTEMPATH\CodeIgniter.php(355): CodeIgniter\CodeIgniter->handleRequest(null, Object(Config\Cache), false)
21 SYSTEMPATH\Boot.php(325): CodeIgniter\CodeIgniter->run()
22 SYSTEMPATH\Boot.php(67): CodeIgniter\Boot::runCodeIgniter(Object(CodeIgniter\CodeIgniter))
23 FCPATH\index.php(56): CodeIgniter\Boot::bootWeb(Object(Config\Paths))
CRITICAL - 2024-07-24 04:17:34 --> Error: Class "App\Models\Options" not found
[Method: GET, Route: /]
in APPPATH\Views\Modules\footer.php on line 6.
 1 APPPATH\Views\Modules\footer.php(18): Footer::getOptions()
 2 SYSTEMPATH\View\View.php(234): include('D:\\xampp\\htdocs\\hopamthanhca-site\\app\\Views\\Modules\\footer.php')
 3 SYSTEMPATH\View\View.php(237): CodeIgniter\View\View->CodeIgniter\View\{closure}()
 4 SYSTEMPATH\View\View.php(487): CodeIgniter\View\View->render('Modules/footer', null, true)
 5 APPPATH\Views\layout.php(60): CodeIgniter\View\View->include('Modules/footer')
 6 SYSTEMPATH\View\View.php(234): include('D:\\xampp\\htdocs\\hopamthanhca-site\\app\\Views\\layout.php')
 7 SYSTEMPATH\View\View.php(237): CodeIgniter\View\View->CodeIgniter\View\{closure}()
 8 SYSTEMPATH\View\View.php(250): CodeIgniter\View\View->render('layout', [], true)
 9 SYSTEMPATH\Common.php(1171): CodeIgniter\View\View->render('view_home', [], true)
10 APPPATH\Controllers\Home.php(7): view('view_home')
11 SYSTEMPATH\CodeIgniter.php(933): App\Controllers\Home->index()
12 SYSTEMPATH\CodeIgniter.php(509): CodeIgniter\CodeIgniter->runController(Object(App\Controllers\Home))
13 SYSTEMPATH\CodeIgniter.php(355): CodeIgniter\CodeIgniter->handleRequest(null, Object(Config\Cache), false)
14 SYSTEMPATH\Boot.php(325): CodeIgniter\CodeIgniter->run()
15 SYSTEMPATH\Boot.php(67): CodeIgniter\Boot::runCodeIgniter(Object(CodeIgniter\CodeIgniter))
16 FCPATH\index.php(56): CodeIgniter\Boot::bootWeb(Object(Config\Paths))
