CRITICAL - 2024-07-23 13:18:00 --> CodeIgniter\View\Exceptions\ViewException: Invalid file: "a.php"
[Method: GET, Route: /]
in SYSTEMPATH\Exceptions\FrameworkException.php on line 41.
 1 SYSTEMPATH\View\View.php(222): CodeIgniter\Exceptions\FrameworkException::forInvalidFile('a.php')
 2 SYSTEMPATH\Common.php(1171): CodeIgniter\View\View->render('a', [], true)
 3 APPPATH\Controllers\Home.php(9): view('a')
 4 SYSTEMPATH\CodeIgniter.php(933): App\Controllers\Home->index()
 5 SYSTEMPATH\CodeIgniter.php(509): CodeIgniter\CodeIgniter->runController(Object(App\Controllers\Home))
 6 SYSTEMPATH\CodeIgniter.php(355): CodeIgniter\CodeIgniter->handleRequest(null, Object(Config\Cache), false)
 7 SYSTEMPATH\Boot.php(325): CodeIgniter\CodeIgniter->run()
 8 SYSTEMPATH\Boot.php(67): CodeIgniter\Boot::runCodeIgniter(Object(CodeIgniter\CodeIgniter))
 9 FCPATH\index.php(56): CodeIgniter\Boot::bootWeb(Object(Config\Paths))
CRITICAL - 2024-07-23 14:36:11 --> CodeIgniter\View\Exceptions\ViewException: Invalid file: "a.php"
[Method: GET, Route: /]
in SYSTEMPATH\Exceptions\FrameworkException.php on line 41.
 1 SYSTEMPATH\View\View.php(222): CodeIgniter\Exceptions\FrameworkException::forInvalidFile('a.php')
 2 SYSTEMPATH\Common.php(1171): CodeIgniter\View\View->render('a', [], true)
 3 APPPATH\Controllers\Home.php(9): view('a')
 4 SYSTEMPATH\CodeIgniter.php(933): App\Controllers\Home->index()
 5 SYSTEMPATH\CodeIgniter.php(509): CodeIgniter\CodeIgniter->runController(Object(App\Controllers\Home))
 6 SYSTEMPATH\CodeIgniter.php(355): CodeIgniter\CodeIgniter->handleRequest(null, Object(Config\Cache), false)
 7 SYSTEMPATH\Boot.php(325): CodeIgniter\CodeIgniter->run()
 8 SYSTEMPATH\Boot.php(67): CodeIgniter\Boot::runCodeIgniter(Object(CodeIgniter\CodeIgniter))
 9 FCPATH\index.php(56): CodeIgniter\Boot::bootWeb(Object(Config\Paths))
CRITICAL - 2024-07-23 14:36:45 --> CodeIgniter\View\Exceptions\ViewException: Invalid file: "default.php"
[Method: GET, Route: /]
in SYSTEMPATH\Exceptions\FrameworkException.php on line 41.
 1 SYSTEMPATH\View\View.php(222): CodeIgniter\Exceptions\FrameworkException::forInvalidFile('default.php')
 2 SYSTEMPATH\View\View.php(250): CodeIgniter\View\View->render('default', [], true)
 3 SYSTEMPATH\Common.php(1171): CodeIgniter\View\View->render('view_home', [], true)
 4 APPPATH\Controllers\Home.php(9): view('view_home')
 5 SYSTEMPATH\CodeIgniter.php(933): App\Controllers\Home->index()
 6 SYSTEMPATH\CodeIgniter.php(509): CodeIgniter\CodeIgniter->runController(Object(App\Controllers\Home))
 7 SYSTEMPATH\CodeIgniter.php(355): CodeIgniter\CodeIgniter->handleRequest(null, Object(Config\Cache), false)
 8 SYSTEMPATH\Boot.php(325): CodeIgniter\CodeIgniter->run()
 9 SYSTEMPATH\Boot.php(67): CodeIgniter\Boot::runCodeIgniter(Object(CodeIgniter\CodeIgniter))
10 FCPATH\index.php(56): CodeIgniter\Boot::bootWeb(Object(Config\Paths))
CRITICAL - 2024-07-23 14:40:07 --> CodeIgniter\View\Exceptions\ViewException: Invalid file: "default.php"
[Method: GET, Route: /]
in SYSTEMPATH\Exceptions\FrameworkException.php on line 41.
 1 SYSTEMPATH\View\View.php(222): CodeIgniter\Exceptions\FrameworkException::forInvalidFile('default.php')
 2 SYSTEMPATH\View\View.php(250): CodeIgniter\View\View->render('default', [], true)
 3 SYSTEMPATH\Common.php(1171): CodeIgniter\View\View->render('view_home', [], true)
 4 APPPATH\Controllers\Home.php(9): view('view_home')
 5 SYSTEMPATH\CodeIgniter.php(933): App\Controllers\Home->index()
 6 SYSTEMPATH\CodeIgniter.php(509): CodeIgniter\CodeIgniter->runController(Object(App\Controllers\Home))
 7 SYSTEMPATH\CodeIgniter.php(355): CodeIgniter\CodeIgniter->handleRequest(null, Object(Config\Cache), false)
 8 SYSTEMPATH\Boot.php(325): CodeIgniter\CodeIgniter->run()
 9 SYSTEMPATH\Boot.php(67): CodeIgniter\Boot::runCodeIgniter(Object(CodeIgniter\CodeIgniter))
10 FCPATH\index.php(56): CodeIgniter\Boot::bootWeb(Object(Config\Paths))
CRITICAL - 2024-07-23 14:40:27 --> CodeIgniter\View\Exceptions\ViewException: Invalid file: "default.php"
[Method: GET, Route: /]
in SYSTEMPATH\Exceptions\FrameworkException.php on line 41.
 1 SYSTEMPATH\View\View.php(222): CodeIgniter\Exceptions\FrameworkException::forInvalidFile('default.php')
 2 SYSTEMPATH\View\View.php(250): CodeIgniter\View\View->render('default', [], true)
 3 SYSTEMPATH\Common.php(1171): CodeIgniter\View\View->render('view_home', [], true)
 4 APPPATH\Controllers\Home.php(9): view('view_home')
 5 SYSTEMPATH\CodeIgniter.php(933): App\Controllers\Home->index()
 6 SYSTEMPATH\CodeIgniter.php(509): CodeIgniter\CodeIgniter->runController(Object(App\Controllers\Home))
 7 SYSTEMPATH\CodeIgniter.php(355): CodeIgniter\CodeIgniter->handleRequest(null, Object(Config\Cache), false)
 8 SYSTEMPATH\Boot.php(325): CodeIgniter\CodeIgniter->run()
 9 SYSTEMPATH\Boot.php(67): CodeIgniter\Boot::runCodeIgniter(Object(CodeIgniter\CodeIgniter))
10 FCPATH\index.php(56): CodeIgniter\Boot::bootWeb(Object(Config\Paths))
CRITICAL - 2024-07-23 14:40:39 --> CodeIgniter\View\Exceptions\ViewException: Invalid file: "default.php"
[Method: GET, Route: /]
in SYSTEMPATH\Exceptions\FrameworkException.php on line 41.
 1 SYSTEMPATH\View\View.php(222): CodeIgniter\Exceptions\FrameworkException::forInvalidFile('default.php')
 2 SYSTEMPATH\View\View.php(250): CodeIgniter\View\View->render('default', [], true)
 3 SYSTEMPATH\Common.php(1171): CodeIgniter\View\View->render('view_home', [], true)
 4 APPPATH\Controllers\Home.php(9): view('view_home')
 5 SYSTEMPATH\CodeIgniter.php(933): App\Controllers\Home->index()
 6 SYSTEMPATH\CodeIgniter.php(509): CodeIgniter\CodeIgniter->runController(Object(App\Controllers\Home))
 7 SYSTEMPATH\CodeIgniter.php(355): CodeIgniter\CodeIgniter->handleRequest(null, Object(Config\Cache), false)
 8 SYSTEMPATH\Boot.php(325): CodeIgniter\CodeIgniter->run()
 9 SYSTEMPATH\Boot.php(67): CodeIgniter\Boot::runCodeIgniter(Object(CodeIgniter\CodeIgniter))
10 FCPATH\index.php(56): CodeIgniter\Boot::bootWeb(Object(Config\Paths))
CRITICAL - 2024-07-23 14:41:10 --> CodeIgniter\View\Exceptions\ViewException: Invalid file: "default.php"
[Method: GET, Route: /]
in SYSTEMPATH\Exceptions\FrameworkException.php on line 41.
 1 SYSTEMPATH\View\View.php(222): CodeIgniter\Exceptions\FrameworkException::forInvalidFile('default.php')
 2 SYSTEMPATH\View\View.php(250): CodeIgniter\View\View->render('default', [], true)
 3 SYSTEMPATH\Common.php(1171): CodeIgniter\View\View->render('view_home', [], true)
 4 APPPATH\Controllers\Home.php(9): view('view_home')
 5 SYSTEMPATH\CodeIgniter.php(933): App\Controllers\Home->index()
 6 SYSTEMPATH\CodeIgniter.php(509): CodeIgniter\CodeIgniter->runController(Object(App\Controllers\Home))
 7 SYSTEMPATH\CodeIgniter.php(355): CodeIgniter\CodeIgniter->handleRequest(null, Object(Config\Cache), false)
 8 SYSTEMPATH\Boot.php(325): CodeIgniter\CodeIgniter->run()
 9 SYSTEMPATH\Boot.php(67): CodeIgniter\Boot::runCodeIgniter(Object(CodeIgniter\CodeIgniter))
10 FCPATH\index.php(56): CodeIgniter\Boot::bootWeb(Object(Config\Paths))
CRITICAL - 2024-07-23 14:41:32 --> CodeIgniter\View\Exceptions\ViewException: Invalid file: "default.php"
[Method: GET, Route: /]
in SYSTEMPATH\Exceptions\FrameworkException.php on line 41.
 1 SYSTEMPATH\View\View.php(222): CodeIgniter\Exceptions\FrameworkException::forInvalidFile('default.php')
 2 SYSTEMPATH\View\View.php(250): CodeIgniter\View\View->render('default', [], true)
 3 SYSTEMPATH\Common.php(1171): CodeIgniter\View\View->render('view_home', [], true)
 4 APPPATH\Controllers\Home.php(9): view('view_home')
 5 SYSTEMPATH\CodeIgniter.php(933): App\Controllers\Home->index()
 6 SYSTEMPATH\CodeIgniter.php(509): CodeIgniter\CodeIgniter->runController(Object(App\Controllers\Home))
 7 SYSTEMPATH\CodeIgniter.php(355): CodeIgniter\CodeIgniter->handleRequest(null, Object(Config\Cache), false)
 8 SYSTEMPATH\Boot.php(325): CodeIgniter\CodeIgniter->run()
 9 SYSTEMPATH\Boot.php(67): CodeIgniter\Boot::runCodeIgniter(Object(CodeIgniter\CodeIgniter))
10 FCPATH\index.php(56): CodeIgniter\Boot::bootWeb(Object(Config\Paths))
CRITICAL - 2024-07-23 14:41:42 --> CodeIgniter\View\Exceptions\ViewException: Invalid file: "default.php"
[Method: GET, Route: /]
in SYSTEMPATH\Exceptions\FrameworkException.php on line 41.
 1 SYSTEMPATH\View\View.php(222): CodeIgniter\Exceptions\FrameworkException::forInvalidFile('default.php')
 2 SYSTEMPATH\View\View.php(250): CodeIgniter\View\View->render('default', [], true)
 3 SYSTEMPATH\Common.php(1171): CodeIgniter\View\View->render('view_home', [], true)
 4 APPPATH\Controllers\Home.php(9): view('view_home')
 5 SYSTEMPATH\CodeIgniter.php(933): App\Controllers\Home->index()
 6 SYSTEMPATH\CodeIgniter.php(509): CodeIgniter\CodeIgniter->runController(Object(App\Controllers\Home))
 7 SYSTEMPATH\CodeIgniter.php(355): CodeIgniter\CodeIgniter->handleRequest(null, Object(Config\Cache), false)
 8 SYSTEMPATH\Boot.php(325): CodeIgniter\CodeIgniter->run()
 9 SYSTEMPATH\Boot.php(67): CodeIgniter\Boot::runCodeIgniter(Object(CodeIgniter\CodeIgniter))
10 FCPATH\index.php(56): CodeIgniter\Boot::bootWeb(Object(Config\Paths))
CRITICAL - 2024-07-23 14:42:53 --> ParseError: syntax error, unexpected token "}", expecting ";"
[Method: GET, Route: /]
in APPPATH\Controllers\Home.php on line 8.
 1 SYSTEMPATH\Autoloader\Autoloader.php(296): CodeIgniter\Autoloader\Autoloader->includeFile('D:\\xampp\\htdocs\\hopamthanhca-site\\app\\Controllers\\Home.php')
 2 SYSTEMPATH\Autoloader\Autoloader.php(272): CodeIgniter\Autoloader\Autoloader->loadInNamespace('App\\Controllers\\Home')
 3 [internal function]: CodeIgniter\Autoloader\Autoloader->loadClass('App\\Controllers\\Home')
 4 SYSTEMPATH\CodeIgniter.php(887): class_exists('\\App\\Controllers\\Home', true)
 5 SYSTEMPATH\CodeIgniter.php(496): CodeIgniter\CodeIgniter->startController()
 6 SYSTEMPATH\CodeIgniter.php(355): CodeIgniter\CodeIgniter->handleRequest(null, Object(Config\Cache), false)
 7 SYSTEMPATH\Boot.php(325): CodeIgniter\CodeIgniter->run()
 8 SYSTEMPATH\Boot.php(67): CodeIgniter\Boot::runCodeIgniter(Object(CodeIgniter\CodeIgniter))
 9 FCPATH\index.php(56): CodeIgniter\Boot::bootWeb(Object(Config\Paths))
CRITICAL - 2024-07-23 14:49:07 --> CodeIgniter\View\Exceptions\ViewException: Invalid file: "App/Views/modules/header.php"
[Method: GET, Route: /]
in SYSTEMPATH\Exceptions\FrameworkException.php on line 41.
 1 SYSTEMPATH\View\View.php(222): CodeIgniter\Exceptions\FrameworkException::forInvalidFile('App/Views/modules/header.php')
 2 SYSTEMPATH\View\View.php(487): CodeIgniter\View\View->render('App/Views/modules/header', null, true)
 3 APPPATH\Views\layout.php(41): CodeIgniter\View\View->include('App/Views/modules/header')
 4 SYSTEMPATH\View\View.php(234): include('D:\\xampp\\htdocs\\hopamthanhca-site\\app\\Views\\layout.php')
 5 SYSTEMPATH\View\View.php(237): CodeIgniter\View\View->CodeIgniter\View\{closure}()
 6 SYSTEMPATH\View\View.php(250): CodeIgniter\View\View->render('layout', [], true)
 7 SYSTEMPATH\Common.php(1171): CodeIgniter\View\View->render('view_home', [], true)
 8 APPPATH\Controllers\Home.php(7): view('view_home')
 9 SYSTEMPATH\CodeIgniter.php(933): App\Controllers\Home->index()
10 SYSTEMPATH\CodeIgniter.php(509): CodeIgniter\CodeIgniter->runController(Object(App\Controllers\Home))
11 SYSTEMPATH\CodeIgniter.php(355): CodeIgniter\CodeIgniter->handleRequest(null, Object(Config\Cache), false)
12 SYSTEMPATH\Boot.php(325): CodeIgniter\CodeIgniter->run()
13 SYSTEMPATH\Boot.php(67): CodeIgniter\Boot::runCodeIgniter(Object(CodeIgniter\CodeIgniter))
14 FCPATH\index.php(56): CodeIgniter\Boot::bootWeb(Object(Config\Paths))
CRITICAL - 2024-07-23 14:49:16 --> CodeIgniter\View\Exceptions\ViewException: Invalid file: "App/Views/Modules/header.php"
[Method: GET, Route: /]
in SYSTEMPATH\Exceptions\FrameworkException.php on line 41.
 1 SYSTEMPATH\View\View.php(222): CodeIgniter\Exceptions\FrameworkException::forInvalidFile('App/Views/Modules/header.php')
 2 SYSTEMPATH\View\View.php(487): CodeIgniter\View\View->render('App/Views/Modules/header', null, true)
 3 APPPATH\Views\layout.php(41): CodeIgniter\View\View->include('App/Views/Modules/header')
 4 SYSTEMPATH\View\View.php(234): include('D:\\xampp\\htdocs\\hopamthanhca-site\\app\\Views\\layout.php')
 5 SYSTEMPATH\View\View.php(237): CodeIgniter\View\View->CodeIgniter\View\{closure}()
 6 SYSTEMPATH\View\View.php(250): CodeIgniter\View\View->render('layout', [], true)
 7 SYSTEMPATH\Common.php(1171): CodeIgniter\View\View->render('view_home', [], true)
 8 APPPATH\Controllers\Home.php(7): view('view_home')
 9 SYSTEMPATH\CodeIgniter.php(933): App\Controllers\Home->index()
10 SYSTEMPATH\CodeIgniter.php(509): CodeIgniter\CodeIgniter->runController(Object(App\Controllers\Home))
11 SYSTEMPATH\CodeIgniter.php(355): CodeIgniter\CodeIgniter->handleRequest(null, Object(Config\Cache), false)
12 SYSTEMPATH\Boot.php(325): CodeIgniter\CodeIgniter->run()
13 SYSTEMPATH\Boot.php(67): CodeIgniter\Boot::runCodeIgniter(Object(CodeIgniter\CodeIgniter))
14 FCPATH\index.php(56): CodeIgniter\Boot::bootWeb(Object(Config\Paths))
CRITICAL - 2024-07-23 14:49:21 --> ErrorException: Undefined variable $data_menu
[Method: GET, Route: /]
in APPPATH\Views\Modules\header.php on line 26.
 1 APPPATH\Views\Modules\header.php(26): CodeIgniter\Debug\Exceptions->errorHandler(2, 'Undefined variable $data_menu', 'D:\\xampp\\htdocs\\hopamthanhca-site\\app\\Views\\Modules\\header.php', 26)
 2 SYSTEMPATH\View\View.php(234): include('D:\\xampp\\htdocs\\hopamthanhca-site\\app\\Views\\Modules\\header.php')
 3 SYSTEMPATH\View\View.php(237): CodeIgniter\View\View->CodeIgniter\View\{closure}()
 4 SYSTEMPATH\View\View.php(487): CodeIgniter\View\View->render('Modules/header', null, true)
 5 APPPATH\Views\layout.php(41): CodeIgniter\View\View->include('Modules/header')
 6 SYSTEMPATH\View\View.php(234): include('D:\\xampp\\htdocs\\hopamthanhca-site\\app\\Views\\layout.php')
 7 SYSTEMPATH\View\View.php(237): CodeIgniter\View\View->CodeIgniter\View\{closure}()
 8 SYSTEMPATH\View\View.php(250): CodeIgniter\View\View->render('layout', [], true)
 9 SYSTEMPATH\Common.php(1171): CodeIgniter\View\View->render('view_home', [], true)
10 APPPATH\Controllers\Home.php(7): view('view_home')
11 SYSTEMPATH\CodeIgniter.php(933): App\Controllers\Home->index()
12 SYSTEMPATH\CodeIgniter.php(509): CodeIgniter\CodeIgniter->runController(Object(App\Controllers\Home))
13 SYSTEMPATH\CodeIgniter.php(355): CodeIgniter\CodeIgniter->handleRequest(null, Object(Config\Cache), false)
14 SYSTEMPATH\Boot.php(325): CodeIgniter\CodeIgniter->run()
15 SYSTEMPATH\Boot.php(67): CodeIgniter\Boot::runCodeIgniter(Object(CodeIgniter\CodeIgniter))
16 FCPATH\index.php(56): CodeIgniter\Boot::bootWeb(Object(Config\Paths))
CRITICAL - 2024-07-23 14:50:40 --> CodeIgniter\View\Exceptions\ViewException: Invalid file: "header.php"
[Method: GET, Route: /]
in SYSTEMPATH\Exceptions\FrameworkException.php on line 41.
 1 SYSTEMPATH\View\View.php(222): CodeIgniter\Exceptions\FrameworkException::forInvalidFile('header.php')
 2 SYSTEMPATH\View\View.php(487): CodeIgniter\View\View->render('header', null, true)
 3 APPPATH\Views\layout.php(41): CodeIgniter\View\View->include('header')
 4 SYSTEMPATH\View\View.php(234): include('D:\\xampp\\htdocs\\hopamthanhca-site\\app\\Views\\layout.php')
 5 SYSTEMPATH\View\View.php(237): CodeIgniter\View\View->CodeIgniter\View\{closure}()
 6 SYSTEMPATH\View\View.php(250): CodeIgniter\View\View->render('layout', [], true)
 7 SYSTEMPATH\Common.php(1171): CodeIgniter\View\View->render('view_home', [], true)
 8 APPPATH\Controllers\Home.php(7): view('view_home')
 9 SYSTEMPATH\CodeIgniter.php(933): App\Controllers\Home->index()
10 SYSTEMPATH\CodeIgniter.php(509): CodeIgniter\CodeIgniter->runController(Object(App\Controllers\Home))
11 SYSTEMPATH\CodeIgniter.php(355): CodeIgniter\CodeIgniter->handleRequest(null, Object(Config\Cache), false)
12 SYSTEMPATH\Boot.php(325): CodeIgniter\CodeIgniter->run()
13 SYSTEMPATH\Boot.php(67): CodeIgniter\Boot::runCodeIgniter(Object(CodeIgniter\CodeIgniter))
14 FCPATH\index.php(56): CodeIgniter\Boot::bootWeb(Object(Config\Paths))
CRITICAL - 2024-07-23 14:50:54 --> ErrorException: Undefined variable $data_menu
[Method: GET, Route: /]
in APPPATH\Views\Modules\header.php on line 26.
 1 APPPATH\Views\Modules\header.php(26): CodeIgniter\Debug\Exceptions->errorHandler(2, 'Undefined variable $data_menu', 'D:\\xampp\\htdocs\\hopamthanhca-site\\app\\Views\\Modules\\header.php', 26)
 2 SYSTEMPATH\View\View.php(234): include('D:\\xampp\\htdocs\\hopamthanhca-site\\app\\Views\\Modules\\header.php')
 3 SYSTEMPATH\View\View.php(237): CodeIgniter\View\View->CodeIgniter\View\{closure}()
 4 SYSTEMPATH\View\View.php(487): CodeIgniter\View\View->render('Modules/header.php', null, true)
 5 APPPATH\Views\layout.php(41): CodeIgniter\View\View->include('Modules/header.php')
 6 SYSTEMPATH\View\View.php(234): include('D:\\xampp\\htdocs\\hopamthanhca-site\\app\\Views\\layout.php')
 7 SYSTEMPATH\View\View.php(237): CodeIgniter\View\View->CodeIgniter\View\{closure}()
 8 SYSTEMPATH\View\View.php(250): CodeIgniter\View\View->render('layout', [], true)
 9 SYSTEMPATH\Common.php(1171): CodeIgniter\View\View->render('view_home', [], true)
10 APPPATH\Controllers\Home.php(7): view('view_home')
11 SYSTEMPATH\CodeIgniter.php(933): App\Controllers\Home->index()
12 SYSTEMPATH\CodeIgniter.php(509): CodeIgniter\CodeIgniter->runController(Object(App\Controllers\Home))
13 SYSTEMPATH\CodeIgniter.php(355): CodeIgniter\CodeIgniter->handleRequest(null, Object(Config\Cache), false)
14 SYSTEMPATH\Boot.php(325): CodeIgniter\CodeIgniter->run()
15 SYSTEMPATH\Boot.php(67): CodeIgniter\Boot::runCodeIgniter(Object(CodeIgniter\CodeIgniter))
16 FCPATH\index.php(56): CodeIgniter\Boot::bootWeb(Object(Config\Paths))
CRITICAL - 2024-07-23 14:50:58 --> ErrorException: Undefined variable $data_menu
[Method: GET, Route: /]
in APPPATH\Views\Modules\header.php on line 26.
 1 APPPATH\Views\Modules\header.php(26): CodeIgniter\Debug\Exceptions->errorHandler(2, 'Undefined variable $data_menu', 'D:\\xampp\\htdocs\\hopamthanhca-site\\app\\Views\\Modules\\header.php', 26)
 2 SYSTEMPATH\View\View.php(234): include('D:\\xampp\\htdocs\\hopamthanhca-site\\app\\Views\\Modules\\header.php')
 3 SYSTEMPATH\View\View.php(237): CodeIgniter\View\View->CodeIgniter\View\{closure}()
 4 SYSTEMPATH\View\View.php(487): CodeIgniter\View\View->render('Modules/header.php', null, true)
 5 APPPATH\Views\layout.php(41): CodeIgniter\View\View->include('Modules/header.php')
 6 SYSTEMPATH\View\View.php(234): include('D:\\xampp\\htdocs\\hopamthanhca-site\\app\\Views\\layout.php')
 7 SYSTEMPATH\View\View.php(237): CodeIgniter\View\View->CodeIgniter\View\{closure}()
 8 SYSTEMPATH\View\View.php(250): CodeIgniter\View\View->render('layout', [], true)
 9 SYSTEMPATH\Common.php(1171): CodeIgniter\View\View->render('view_home', [], true)
10 APPPATH\Controllers\Home.php(7): view('view_home')
11 SYSTEMPATH\CodeIgniter.php(933): App\Controllers\Home->index()
12 SYSTEMPATH\CodeIgniter.php(509): CodeIgniter\CodeIgniter->runController(Object(App\Controllers\Home))
13 SYSTEMPATH\CodeIgniter.php(355): CodeIgniter\CodeIgniter->handleRequest(null, Object(Config\Cache), false)
14 SYSTEMPATH\Boot.php(325): CodeIgniter\CodeIgniter->run()
15 SYSTEMPATH\Boot.php(67): CodeIgniter\Boot::runCodeIgniter(Object(CodeIgniter\CodeIgniter))
16 FCPATH\index.php(56): CodeIgniter\Boot::bootWeb(Object(Config\Paths))
CRITICAL - 2024-07-23 15:01:32 --> ErrorException: Undefined variable $data_menu
[Method: GET, Route: /]
in APPPATH\Views\Modules\header.php on line 26.
 1 APPPATH\Views\Modules\header.php(26): CodeIgniter\Debug\Exceptions->errorHandler(2, 'Undefined variable $data_menu', 'D:\\xampp\\htdocs\\hopamthanhca-site\\app\\Views\\Modules\\header.php', 26)
 2 SYSTEMPATH\View\View.php(234): include('D:\\xampp\\htdocs\\hopamthanhca-site\\app\\Views\\Modules\\header.php')
 3 SYSTEMPATH\View\View.php(237): CodeIgniter\View\View->CodeIgniter\View\{closure}()
 4 SYSTEMPATH\View\View.php(487): CodeIgniter\View\View->render('Modules/header', null, true)
 5 APPPATH\Views\layout.php(41): CodeIgniter\View\View->include('Modules/header')
 6 SYSTEMPATH\View\View.php(234): include('D:\\xampp\\htdocs\\hopamthanhca-site\\app\\Views\\layout.php')
 7 SYSTEMPATH\View\View.php(237): CodeIgniter\View\View->CodeIgniter\View\{closure}()
 8 SYSTEMPATH\View\View.php(250): CodeIgniter\View\View->render('layout', [], true)
 9 SYSTEMPATH\Common.php(1171): CodeIgniter\View\View->render('view_home', [], true)
10 APPPATH\Controllers\Home.php(7): view('view_home')
11 SYSTEMPATH\CodeIgniter.php(933): App\Controllers\Home->index()
12 SYSTEMPATH\CodeIgniter.php(509): CodeIgniter\CodeIgniter->runController(Object(App\Controllers\Home))
13 SYSTEMPATH\CodeIgniter.php(355): CodeIgniter\CodeIgniter->handleRequest(null, Object(Config\Cache), false)
14 SYSTEMPATH\Boot.php(325): CodeIgniter\CodeIgniter->run()
15 SYSTEMPATH\Boot.php(67): CodeIgniter\Boot::runCodeIgniter(Object(CodeIgniter\CodeIgniter))
16 FCPATH\index.php(56): CodeIgniter\Boot::bootWeb(Object(Config\Paths))
CRITICAL - 2024-07-23 15:03:25 --> ParseError: Unmatched '}'
[Method: GET, Route: /]
in APPPATH\Views\Modules\header.php on line 30.
 1 SYSTEMPATH\View\View.php(237): CodeIgniter\View\View->CodeIgniter\View\{closure}()
 2 SYSTEMPATH\View\View.php(487): CodeIgniter\View\View->render('Modules/header', null, true)
 3 APPPATH\Views\layout.php(41): CodeIgniter\View\View->include('Modules/header')
 4 SYSTEMPATH\View\View.php(234): include('D:\\xampp\\htdocs\\hopamthanhca-site\\app\\Views\\layout.php')
 5 SYSTEMPATH\View\View.php(237): CodeIgniter\View\View->CodeIgniter\View\{closure}()
 6 SYSTEMPATH\View\View.php(250): CodeIgniter\View\View->render('layout', [], true)
 7 SYSTEMPATH\Common.php(1171): CodeIgniter\View\View->render('view_home', [], true)
 8 APPPATH\Controllers\Home.php(7): view('view_home')
 9 SYSTEMPATH\CodeIgniter.php(933): App\Controllers\Home->index()
10 SYSTEMPATH\CodeIgniter.php(509): CodeIgniter\CodeIgniter->runController(Object(App\Controllers\Home))
11 SYSTEMPATH\CodeIgniter.php(355): CodeIgniter\CodeIgniter->handleRequest(null, Object(Config\Cache), false)
12 SYSTEMPATH\Boot.php(325): CodeIgniter\CodeIgniter->run()
13 SYSTEMPATH\Boot.php(67): CodeIgniter\Boot::runCodeIgniter(Object(CodeIgniter\CodeIgniter))
14 FCPATH\index.php(56): CodeIgniter\Boot::bootWeb(Object(Config\Paths))
CRITICAL - 2024-07-23 15:14:17 --> Error: Call to undefined method CodeIgniter\View\View::includ()
[Method: GET, Route: /]
in APPPATH\Views\layout.php on line 40.
 1 SYSTEMPATH\View\View.php(234): include()
 2 SYSTEMPATH\View\View.php(237): CodeIgniter\View\View->CodeIgniter\View\{closure}()
 3 SYSTEMPATH\View\View.php(250): CodeIgniter\View\View->render('layout', [], true)
 4 SYSTEMPATH\Common.php(1171): CodeIgniter\View\View->render('view_home', [], true)
 5 APPPATH\Controllers\Home.php(7): view('view_home')
 6 SYSTEMPATH\CodeIgniter.php(933): App\Controllers\Home->index()
 7 SYSTEMPATH\CodeIgniter.php(509): CodeIgniter\CodeIgniter->runController(Object(App\Controllers\Home))
 8 SYSTEMPATH\CodeIgniter.php(355): CodeIgniter\CodeIgniter->handleRequest(null, Object(Config\Cache), false)
 9 SYSTEMPATH\Boot.php(325): CodeIgniter\CodeIgniter->run()
10 SYSTEMPATH\Boot.php(67): CodeIgniter\Boot::runCodeIgniter(Object(CodeIgniter\CodeIgniter))
11 FCPATH\index.php(56): CodeIgniter\Boot::bootWeb(Object(Config\Paths))
ERROR - 2024-07-23 15:45:08 --> mysqli_sql_exception: Unknown column 'type_slug' in 'where clause' in D:\xampp\htdocs\hopamthanhca-site\system\Database\MySQLi\Connection.php:312
Stack trace:
#0 D:\xampp\htdocs\hopamthanhca-site\system\Database\MySQLi\Connection.php(312): mysqli->query('SELECT *\nFROM `...', 0)
#1 D:\xampp\htdocs\hopamthanhca-site\system\Database\BaseConnection.php(734): CodeIgniter\Database\MySQLi\Connection->execute('SELECT *\nFROM `...')
#2 D:\xampp\htdocs\hopamthanhca-site\system\Database\BaseConnection.php(648): CodeIgniter\Database\BaseConnection->simpleQuery('SELECT *\nFROM `...')
#3 D:\xampp\htdocs\hopamthanhca-site\system\Database\BaseBuilder.php(1636): CodeIgniter\Database\BaseConnection->query('SELECT *\nFROM `...', Array, false)
#4 D:\xampp\htdocs\hopamthanhca-site\system\Model.php(286): CodeIgniter\Database\BaseBuilder->get()
#5 D:\xampp\htdocs\hopamthanhca-site\system\BaseModel.php(676): CodeIgniter\Model->doFindAll(0, 0)
#6 D:\xampp\htdocs\hopamthanhca-site\app\Views\Modules\header.php(7): CodeIgniter\BaseModel->findAll()
#7 D:\xampp\htdocs\hopamthanhca-site\system\View\View.php(234): include('D:\\xampp\\htdocs...')
#8 D:\xampp\htdocs\hopamthanhca-site\system\View\View.php(237): CodeIgniter\View\View->CodeIgniter\View\{closure}()
#9 D:\xampp\htdocs\hopamthanhca-site\system\View\View.php(487): CodeIgniter\View\View->render('Modules/header', NULL, true)
#10 D:\xampp\htdocs\hopamthanhca-site\app\Views\layout.php(40): CodeIgniter\View\View->include('Modules/header')
#11 D:\xampp\htdocs\hopamthanhca-site\system\View\View.php(234): include('D:\\xampp\\htdocs...')
#12 D:\xampp\htdocs\hopamthanhca-site\system\View\View.php(237): CodeIgniter\View\View->CodeIgniter\View\{closure}()
#13 D:\xampp\htdocs\hopamthanhca-site\system\View\View.php(250): CodeIgniter\View\View->render('layout', Array, true)
#14 D:\xampp\htdocs\hopamthanhca-site\system\Common.php(1171): CodeIgniter\View\View->render('view_home', Array, true)
#15 D:\xampp\htdocs\hopamthanhca-site\app\Controllers\Home.php(7): view('view_home')
#16 D:\xampp\htdocs\hopamthanhca-site\system\CodeIgniter.php(933): App\Controllers\Home->index()
#17 D:\xampp\htdocs\hopamthanhca-site\system\CodeIgniter.php(509): CodeIgniter\CodeIgniter->runController(Object(App\Controllers\Home))
#18 D:\xampp\htdocs\hopamthanhca-site\system\CodeIgniter.php(355): CodeIgniter\CodeIgniter->handleRequest(NULL, Object(Config\Cache), false)
#19 D:\xampp\htdocs\hopamthanhca-site\system\Boot.php(325): CodeIgniter\CodeIgniter->run()
#20 D:\xampp\htdocs\hopamthanhca-site\system\Boot.php(67): CodeIgniter\Boot::runCodeIgniter(Object(CodeIgniter\CodeIgniter))
#21 D:\xampp\htdocs\hopamthanhca-site\public\index.php(56): CodeIgniter\Boot::bootWeb(Object(Config\Paths))
#22 {main}
CRITICAL - 2024-07-23 15:45:08 --> CodeIgniter\Database\Exceptions\DatabaseException: Unknown column 'type_slug' in 'where clause'
[Method: GET, Route: /]
in SYSTEMPATH\Database\BaseConnection.php on line 688.
 1 SYSTEMPATH\Database\BaseBuilder.php(1636): CodeIgniter\Database\BaseConnection->query('SELECT *
FROM `cat`
WHERE `type_slug` = :type_slug:', [...], false)
 2 SYSTEMPATH\Model.php(286): CodeIgniter\Database\BaseBuilder->get()
 3 SYSTEMPATH\BaseModel.php(676): CodeIgniter\Model->doFindAll(0, 0)
 4 APPPATH\Views\Modules\header.php(7): CodeIgniter\BaseModel->findAll()
 5 SYSTEMPATH\View\View.php(234): include('D:\\xampp\\htdocs\\hopamthanhca-site\\app\\Views\\Modules\\header.php')
 6 SYSTEMPATH\View\View.php(237): CodeIgniter\View\View->CodeIgniter\View\{closure}()
 7 SYSTEMPATH\View\View.php(487): CodeIgniter\View\View->render('Modules/header', null, true)
 8 APPPATH\Views\layout.php(40): CodeIgniter\View\View->include('Modules/header')
 9 SYSTEMPATH\View\View.php(234): include('D:\\xampp\\htdocs\\hopamthanhca-site\\app\\Views\\layout.php')
10 SYSTEMPATH\View\View.php(237): CodeIgniter\View\View->CodeIgniter\View\{closure}()
11 SYSTEMPATH\View\View.php(250): CodeIgniter\View\View->render('layout', [], true)
12 SYSTEMPATH\Common.php(1171): CodeIgniter\View\View->render('view_home', [], true)
13 APPPATH\Controllers\Home.php(7): view('view_home')
14 SYSTEMPATH\CodeIgniter.php(933): App\Controllers\Home->index()
15 SYSTEMPATH\CodeIgniter.php(509): CodeIgniter\CodeIgniter->runController(Object(App\Controllers\Home))
16 SYSTEMPATH\CodeIgniter.php(355): CodeIgniter\CodeIgniter->handleRequest(null, Object(Config\Cache), false)
17 SYSTEMPATH\Boot.php(325): CodeIgniter\CodeIgniter->run()
18 SYSTEMPATH\Boot.php(67): CodeIgniter\Boot::runCodeIgniter(Object(CodeIgniter\CodeIgniter))
19 FCPATH\index.php(56): CodeIgniter\Boot::bootWeb(Object(Config\Paths))
CRITICAL - 2024-07-23 15:45:08 --> [Caused by] CodeIgniter\Database\Exceptions\DatabaseException: Unknown column 'type_slug' in 'where clause'
in SYSTEMPATH\Database\MySQLi\Connection.php on line 317.
 1 SYSTEMPATH\Database\BaseConnection.php(734): CodeIgniter\Database\MySQLi\Connection->execute('SELECT *
FROM `cat`
WHERE `type_slug` = \'dieu-bai-hat\'')
 2 SYSTEMPATH\Database\BaseConnection.php(648): CodeIgniter\Database\BaseConnection->simpleQuery('SELECT *
FROM `cat`
WHERE `type_slug` = \'dieu-bai-hat\'')
 3 SYSTEMPATH\Database\BaseBuilder.php(1636): CodeIgniter\Database\BaseConnection->query('SELECT *
FROM `cat`
WHERE `type_slug` = :type_slug:', [...], false)
 4 SYSTEMPATH\Model.php(286): CodeIgniter\Database\BaseBuilder->get()
 5 SYSTEMPATH\BaseModel.php(676): CodeIgniter\Model->doFindAll(0, 0)
 6 APPPATH\Views\Modules\header.php(7): CodeIgniter\BaseModel->findAll()
 7 SYSTEMPATH\View\View.php(234): include('D:\\xampp\\htdocs\\hopamthanhca-site\\app\\Views\\Modules\\header.php')
 8 SYSTEMPATH\View\View.php(237): CodeIgniter\View\View->CodeIgniter\View\{closure}()
 9 SYSTEMPATH\View\View.php(487): CodeIgniter\View\View->render('Modules/header', null, true)
10 APPPATH\Views\layout.php(40): CodeIgniter\View\View->include('Modules/header')
11 SYSTEMPATH\View\View.php(234): include('D:\\xampp\\htdocs\\hopamthanhca-site\\app\\Views\\layout.php')
12 SYSTEMPATH\View\View.php(237): CodeIgniter\View\View->CodeIgniter\View\{closure}()
13 SYSTEMPATH\View\View.php(250): CodeIgniter\View\View->render('layout', [], true)
14 SYSTEMPATH\Common.php(1171): CodeIgniter\View\View->render('view_home', [], true)
15 APPPATH\Controllers\Home.php(7): view('view_home')
16 SYSTEMPATH\CodeIgniter.php(933): App\Controllers\Home->index()
17 SYSTEMPATH\CodeIgniter.php(509): CodeIgniter\CodeIgniter->runController(Object(App\Controllers\Home))
18 SYSTEMPATH\CodeIgniter.php(355): CodeIgniter\CodeIgniter->handleRequest(null, Object(Config\Cache), false)
19 SYSTEMPATH\Boot.php(325): CodeIgniter\CodeIgniter->run()
20 SYSTEMPATH\Boot.php(67): CodeIgniter\Boot::runCodeIgniter(Object(CodeIgniter\CodeIgniter))
21 FCPATH\index.php(56): CodeIgniter\Boot::bootWeb(Object(Config\Paths))
CRITICAL - 2024-07-23 15:45:08 --> [Caused by] mysqli_sql_exception: Unknown column 'type_slug' in 'where clause'
in SYSTEMPATH\Database\MySQLi\Connection.php on line 312.
 1 SYSTEMPATH\Database\MySQLi\Connection.php(312): mysqli->query('SELECT *
FROM `cat`
WHERE `type_slug` = \'dieu-bai-hat\'', 0)
 2 SYSTEMPATH\Database\BaseConnection.php(734): CodeIgniter\Database\MySQLi\Connection->execute('SELECT *
FROM `cat`
WHERE `type_slug` = \'dieu-bai-hat\'')
 3 SYSTEMPATH\Database\BaseConnection.php(648): CodeIgniter\Database\BaseConnection->simpleQuery('SELECT *
FROM `cat`
WHERE `type_slug` = \'dieu-bai-hat\'')
 4 SYSTEMPATH\Database\BaseBuilder.php(1636): CodeIgniter\Database\BaseConnection->query('SELECT *
FROM `cat`
WHERE `type_slug` = :type_slug:', [...], false)
 5 SYSTEMPATH\Model.php(286): CodeIgniter\Database\BaseBuilder->get()
 6 SYSTEMPATH\BaseModel.php(676): CodeIgniter\Model->doFindAll(0, 0)
 7 APPPATH\Views\Modules\header.php(7): CodeIgniter\BaseModel->findAll()
 8 SYSTEMPATH\View\View.php(234): include('D:\\xampp\\htdocs\\hopamthanhca-site\\app\\Views\\Modules\\header.php')
 9 SYSTEMPATH\View\View.php(237): CodeIgniter\View\View->CodeIgniter\View\{closure}()
10 SYSTEMPATH\View\View.php(487): CodeIgniter\View\View->render('Modules/header', null, true)
11 APPPATH\Views\layout.php(40): CodeIgniter\View\View->include('Modules/header')
12 SYSTEMPATH\View\View.php(234): include('D:\\xampp\\htdocs\\hopamthanhca-site\\app\\Views\\layout.php')
13 SYSTEMPATH\View\View.php(237): CodeIgniter\View\View->CodeIgniter\View\{closure}()
14 SYSTEMPATH\View\View.php(250): CodeIgniter\View\View->render('layout', [], true)
15 SYSTEMPATH\Common.php(1171): CodeIgniter\View\View->render('view_home', [], true)
16 APPPATH\Controllers\Home.php(7): view('view_home')
17 SYSTEMPATH\CodeIgniter.php(933): App\Controllers\Home->index()
18 SYSTEMPATH\CodeIgniter.php(509): CodeIgniter\CodeIgniter->runController(Object(App\Controllers\Home))
19 SYSTEMPATH\CodeIgniter.php(355): CodeIgniter\CodeIgniter->handleRequest(null, Object(Config\Cache), false)
20 SYSTEMPATH\Boot.php(325): CodeIgniter\CodeIgniter->run()
21 SYSTEMPATH\Boot.php(67): CodeIgniter\Boot::runCodeIgniter(Object(CodeIgniter\CodeIgniter))
22 FCPATH\index.php(56): CodeIgniter\Boot::bootWeb(Object(Config\Paths))
ERROR - 2024-07-23 15:45:29 --> mysqli_sql_exception: Unknown column 'type_slug' in 'where clause' in D:\xampp\htdocs\hopamthanhca-site\system\Database\MySQLi\Connection.php:312
Stack trace:
#0 D:\xampp\htdocs\hopamthanhca-site\system\Database\MySQLi\Connection.php(312): mysqli->query('SELECT *\nFROM `...', 0)
#1 D:\xampp\htdocs\hopamthanhca-site\system\Database\BaseConnection.php(734): CodeIgniter\Database\MySQLi\Connection->execute('SELECT *\nFROM `...')
#2 D:\xampp\htdocs\hopamthanhca-site\system\Database\BaseConnection.php(648): CodeIgniter\Database\BaseConnection->simpleQuery('SELECT *\nFROM `...')
#3 D:\xampp\htdocs\hopamthanhca-site\system\Database\BaseBuilder.php(1636): CodeIgniter\Database\BaseConnection->query('SELECT *\nFROM `...', Array, false)
#4 D:\xampp\htdocs\hopamthanhca-site\system\Model.php(286): CodeIgniter\Database\BaseBuilder->get()
#5 D:\xampp\htdocs\hopamthanhca-site\system\BaseModel.php(676): CodeIgniter\Model->doFindAll(0, 0)
#6 D:\xampp\htdocs\hopamthanhca-site\app\Views\Modules\header.php(7): CodeIgniter\BaseModel->findAll()
#7 D:\xampp\htdocs\hopamthanhca-site\system\View\View.php(234): include('D:\\xampp\\htdocs...')
#8 D:\xampp\htdocs\hopamthanhca-site\system\View\View.php(237): CodeIgniter\View\View->CodeIgniter\View\{closure}()
#9 D:\xampp\htdocs\hopamthanhca-site\system\View\View.php(487): CodeIgniter\View\View->render('Modules/header', NULL, true)
#10 D:\xampp\htdocs\hopamthanhca-site\app\Views\layout.php(40): CodeIgniter\View\View->include('Modules/header')
#11 D:\xampp\htdocs\hopamthanhca-site\system\View\View.php(234): include('D:\\xampp\\htdocs...')
#12 D:\xampp\htdocs\hopamthanhca-site\system\View\View.php(237): CodeIgniter\View\View->CodeIgniter\View\{closure}()
#13 D:\xampp\htdocs\hopamthanhca-site\system\View\View.php(250): CodeIgniter\View\View->render('layout', Array, true)
#14 D:\xampp\htdocs\hopamthanhca-site\system\Common.php(1171): CodeIgniter\View\View->render('view_home', Array, true)
#15 D:\xampp\htdocs\hopamthanhca-site\app\Controllers\Home.php(7): view('view_home')
#16 D:\xampp\htdocs\hopamthanhca-site\system\CodeIgniter.php(933): App\Controllers\Home->index()
#17 D:\xampp\htdocs\hopamthanhca-site\system\CodeIgniter.php(509): CodeIgniter\CodeIgniter->runController(Object(App\Controllers\Home))
#18 D:\xampp\htdocs\hopamthanhca-site\system\CodeIgniter.php(355): CodeIgniter\CodeIgniter->handleRequest(NULL, Object(Config\Cache), false)
#19 D:\xampp\htdocs\hopamthanhca-site\system\Boot.php(325): CodeIgniter\CodeIgniter->run()
#20 D:\xampp\htdocs\hopamthanhca-site\system\Boot.php(67): CodeIgniter\Boot::runCodeIgniter(Object(CodeIgniter\CodeIgniter))
#21 D:\xampp\htdocs\hopamthanhca-site\public\index.php(56): CodeIgniter\Boot::bootWeb(Object(Config\Paths))
#22 {main}
CRITICAL - 2024-07-23 15:45:29 --> CodeIgniter\Database\Exceptions\DatabaseException: Unknown column 'type_slug' in 'where clause'
[Method: GET, Route: /]
in SYSTEMPATH\Database\BaseConnection.php on line 688.
 1 SYSTEMPATH\Database\BaseBuilder.php(1636): CodeIgniter\Database\BaseConnection->query('SELECT *
FROM `cat`
WHERE `type_slug` = :type_slug:', [...], false)
 2 SYSTEMPATH\Model.php(286): CodeIgniter\Database\BaseBuilder->get()
 3 SYSTEMPATH\BaseModel.php(676): CodeIgniter\Model->doFindAll(0, 0)
 4 APPPATH\Views\Modules\header.php(7): CodeIgniter\BaseModel->findAll()
 5 SYSTEMPATH\View\View.php(234): include('D:\\xampp\\htdocs\\hopamthanhca-site\\app\\Views\\Modules\\header.php')
 6 SYSTEMPATH\View\View.php(237): CodeIgniter\View\View->CodeIgniter\View\{closure}()
 7 SYSTEMPATH\View\View.php(487): CodeIgniter\View\View->render('Modules/header', null, true)
 8 APPPATH\Views\layout.php(40): CodeIgniter\View\View->include('Modules/header')
 9 SYSTEMPATH\View\View.php(234): include('D:\\xampp\\htdocs\\hopamthanhca-site\\app\\Views\\layout.php')
10 SYSTEMPATH\View\View.php(237): CodeIgniter\View\View->CodeIgniter\View\{closure}()
11 SYSTEMPATH\View\View.php(250): CodeIgniter\View\View->render('layout', [], true)
12 SYSTEMPATH\Common.php(1171): CodeIgniter\View\View->render('view_home', [], true)
13 APPPATH\Controllers\Home.php(7): view('view_home')
14 SYSTEMPATH\CodeIgniter.php(933): App\Controllers\Home->index()
15 SYSTEMPATH\CodeIgniter.php(509): CodeIgniter\CodeIgniter->runController(Object(App\Controllers\Home))
16 SYSTEMPATH\CodeIgniter.php(355): CodeIgniter\CodeIgniter->handleRequest(null, Object(Config\Cache), false)
17 SYSTEMPATH\Boot.php(325): CodeIgniter\CodeIgniter->run()
18 SYSTEMPATH\Boot.php(67): CodeIgniter\Boot::runCodeIgniter(Object(CodeIgniter\CodeIgniter))
19 FCPATH\index.php(56): CodeIgniter\Boot::bootWeb(Object(Config\Paths))
CRITICAL - 2024-07-23 15:45:29 --> [Caused by] CodeIgniter\Database\Exceptions\DatabaseException: Unknown column 'type_slug' in 'where clause'
in SYSTEMPATH\Database\MySQLi\Connection.php on line 317.
 1 SYSTEMPATH\Database\BaseConnection.php(734): CodeIgniter\Database\MySQLi\Connection->execute('SELECT *
FROM `cat`
WHERE `type_slug` = \'dieu-bai-hat\'')
 2 SYSTEMPATH\Database\BaseConnection.php(648): CodeIgniter\Database\BaseConnection->simpleQuery('SELECT *
FROM `cat`
WHERE `type_slug` = \'dieu-bai-hat\'')
 3 SYSTEMPATH\Database\BaseBuilder.php(1636): CodeIgniter\Database\BaseConnection->query('SELECT *
FROM `cat`
WHERE `type_slug` = :type_slug:', [...], false)
 4 SYSTEMPATH\Model.php(286): CodeIgniter\Database\BaseBuilder->get()
 5 SYSTEMPATH\BaseModel.php(676): CodeIgniter\Model->doFindAll(0, 0)
 6 APPPATH\Views\Modules\header.php(7): CodeIgniter\BaseModel->findAll()
 7 SYSTEMPATH\View\View.php(234): include('D:\\xampp\\htdocs\\hopamthanhca-site\\app\\Views\\Modules\\header.php')
 8 SYSTEMPATH\View\View.php(237): CodeIgniter\View\View->CodeIgniter\View\{closure}()
 9 SYSTEMPATH\View\View.php(487): CodeIgniter\View\View->render('Modules/header', null, true)
10 APPPATH\Views\layout.php(40): CodeIgniter\View\View->include('Modules/header')
11 SYSTEMPATH\View\View.php(234): include('D:\\xampp\\htdocs\\hopamthanhca-site\\app\\Views\\layout.php')
12 SYSTEMPATH\View\View.php(237): CodeIgniter\View\View->CodeIgniter\View\{closure}()
13 SYSTEMPATH\View\View.php(250): CodeIgniter\View\View->render('layout', [], true)
14 SYSTEMPATH\Common.php(1171): CodeIgniter\View\View->render('view_home', [], true)
15 APPPATH\Controllers\Home.php(7): view('view_home')
16 SYSTEMPATH\CodeIgniter.php(933): App\Controllers\Home->index()
17 SYSTEMPATH\CodeIgniter.php(509): CodeIgniter\CodeIgniter->runController(Object(App\Controllers\Home))
18 SYSTEMPATH\CodeIgniter.php(355): CodeIgniter\CodeIgniter->handleRequest(null, Object(Config\Cache), false)
19 SYSTEMPATH\Boot.php(325): CodeIgniter\CodeIgniter->run()
20 SYSTEMPATH\Boot.php(67): CodeIgniter\Boot::runCodeIgniter(Object(CodeIgniter\CodeIgniter))
21 FCPATH\index.php(56): CodeIgniter\Boot::bootWeb(Object(Config\Paths))
CRITICAL - 2024-07-23 15:45:29 --> [Caused by] mysqli_sql_exception: Unknown column 'type_slug' in 'where clause'
in SYSTEMPATH\Database\MySQLi\Connection.php on line 312.
 1 SYSTEMPATH\Database\MySQLi\Connection.php(312): mysqli->query('SELECT *
FROM `cat`
WHERE `type_slug` = \'dieu-bai-hat\'', 0)
 2 SYSTEMPATH\Database\BaseConnection.php(734): CodeIgniter\Database\MySQLi\Connection->execute('SELECT *
FROM `cat`
WHERE `type_slug` = \'dieu-bai-hat\'')
 3 SYSTEMPATH\Database\BaseConnection.php(648): CodeIgniter\Database\BaseConnection->simpleQuery('SELECT *
FROM `cat`
WHERE `type_slug` = \'dieu-bai-hat\'')
 4 SYSTEMPATH\Database\BaseBuilder.php(1636): CodeIgniter\Database\BaseConnection->query('SELECT *
FROM `cat`
WHERE `type_slug` = :type_slug:', [...], false)
 5 SYSTEMPATH\Model.php(286): CodeIgniter\Database\BaseBuilder->get()
 6 SYSTEMPATH\BaseModel.php(676): CodeIgniter\Model->doFindAll(0, 0)
 7 APPPATH\Views\Modules\header.php(7): CodeIgniter\BaseModel->findAll()
 8 SYSTEMPATH\View\View.php(234): include('D:\\xampp\\htdocs\\hopamthanhca-site\\app\\Views\\Modules\\header.php')
 9 SYSTEMPATH\View\View.php(237): CodeIgniter\View\View->CodeIgniter\View\{closure}()
10 SYSTEMPATH\View\View.php(487): CodeIgniter\View\View->render('Modules/header', null, true)
11 APPPATH\Views\layout.php(40): CodeIgniter\View\View->include('Modules/header')
12 SYSTEMPATH\View\View.php(234): include('D:\\xampp\\htdocs\\hopamthanhca-site\\app\\Views\\layout.php')
13 SYSTEMPATH\View\View.php(237): CodeIgniter\View\View->CodeIgniter\View\{closure}()
14 SYSTEMPATH\View\View.php(250): CodeIgniter\View\View->render('layout', [], true)
15 SYSTEMPATH\Common.php(1171): CodeIgniter\View\View->render('view_home', [], true)
16 APPPATH\Controllers\Home.php(7): view('view_home')
17 SYSTEMPATH\CodeIgniter.php(933): App\Controllers\Home->index()
18 SYSTEMPATH\CodeIgniter.php(509): CodeIgniter\CodeIgniter->runController(Object(App\Controllers\Home))
19 SYSTEMPATH\CodeIgniter.php(355): CodeIgniter\CodeIgniter->handleRequest(null, Object(Config\Cache), false)
20 SYSTEMPATH\Boot.php(325): CodeIgniter\CodeIgniter->run()
21 SYSTEMPATH\Boot.php(67): CodeIgniter\Boot::runCodeIgniter(Object(CodeIgniter\CodeIgniter))
22 FCPATH\index.php(56): CodeIgniter\Boot::bootWeb(Object(Config\Paths))
CRITICAL - 2024-07-23 15:47:27 --> ErrorException: Attempt to read property "id" on array
[Method: GET, Route: /]
in APPPATH\Views\Modules\header.php on line 9.
 1 APPPATH\Views\Modules\header.php(9): CodeIgniter\Debug\Exceptions->errorHandler(2, 'Attempt to read property "id" on array', 'D:\\xampp\\htdocs\\hopamthanhca-site\\app\\Views\\Modules\\header.php', 9)
 2 SYSTEMPATH\View\View.php(234): include('D:\\xampp\\htdocs\\hopamthanhca-site\\app\\Views\\Modules\\header.php')
 3 SYSTEMPATH\View\View.php(237): CodeIgniter\View\View->CodeIgniter\View\{closure}()
 4 SYSTEMPATH\View\View.php(487): CodeIgniter\View\View->render('Modules/header', null, true)
 5 APPPATH\Views\layout.php(40): CodeIgniter\View\View->include('Modules/header')
 6 SYSTEMPATH\View\View.php(234): include('D:\\xampp\\htdocs\\hopamthanhca-site\\app\\Views\\layout.php')
 7 SYSTEMPATH\View\View.php(237): CodeIgniter\View\View->CodeIgniter\View\{closure}()
 8 SYSTEMPATH\View\View.php(250): CodeIgniter\View\View->render('layout', [], true)
 9 SYSTEMPATH\Common.php(1171): CodeIgniter\View\View->render('view_home', [], true)
10 APPPATH\Controllers\Home.php(7): view('view_home')
11 SYSTEMPATH\CodeIgniter.php(933): App\Controllers\Home->index()
12 SYSTEMPATH\CodeIgniter.php(509): CodeIgniter\CodeIgniter->runController(Object(App\Controllers\Home))
13 SYSTEMPATH\CodeIgniter.php(355): CodeIgniter\CodeIgniter->handleRequest(null, Object(Config\Cache), false)
14 SYSTEMPATH\Boot.php(325): CodeIgniter\CodeIgniter->run()
15 SYSTEMPATH\Boot.php(67): CodeIgniter\Boot::runCodeIgniter(Object(CodeIgniter\CodeIgniter))
16 FCPATH\index.php(56): CodeIgniter\Boot::bootWeb(Object(Config\Paths))
CRITICAL - 2024-07-23 15:55:56 --> TypeError: Cannot access offset of type string on string
[Method: GET, Route: /]
in APPPATH\Views\Modules\header.php on line 15.
 1 SYSTEMPATH\View\View.php(234): include()
 2 SYSTEMPATH\View\View.php(237): CodeIgniter\View\View->CodeIgniter\View\{closure}()
 3 SYSTEMPATH\View\View.php(487): CodeIgniter\View\View->render('Modules/header', null, true)
 4 APPPATH\Views\layout.php(40): CodeIgniter\View\View->include('Modules/header')
 5 SYSTEMPATH\View\View.php(234): include('D:\\xampp\\htdocs\\hopamthanhca-site\\app\\Views\\layout.php')
 6 SYSTEMPATH\View\View.php(237): CodeIgniter\View\View->CodeIgniter\View\{closure}()
 7 SYSTEMPATH\View\View.php(250): CodeIgniter\View\View->render('layout', [], true)
 8 SYSTEMPATH\Common.php(1171): CodeIgniter\View\View->render('view_home', [], true)
 9 APPPATH\Controllers\Home.php(7): view('view_home')
10 SYSTEMPATH\CodeIgniter.php(933): App\Controllers\Home->index()
11 SYSTEMPATH\CodeIgniter.php(509): CodeIgniter\CodeIgniter->runController(Object(App\Controllers\Home))
12 SYSTEMPATH\CodeIgniter.php(355): CodeIgniter\CodeIgniter->handleRequest(null, Object(Config\Cache), false)
13 SYSTEMPATH\Boot.php(325): CodeIgniter\CodeIgniter->run()
14 SYSTEMPATH\Boot.php(67): CodeIgniter\Boot::runCodeIgniter(Object(CodeIgniter\CodeIgniter))
15 FCPATH\index.php(56): CodeIgniter\Boot::bootWeb(Object(Config\Paths))
CRITICAL - 2024-07-23 16:01:55 --> TypeError: Unsupported operand types: string + string
[Method: GET, Route: /]
in APPPATH\Views\Modules\header.php on line 52.
 1 SYSTEMPATH\View\View.php(234): include()
 2 SYSTEMPATH\View\View.php(237): CodeIgniter\View\View->CodeIgniter\View\{closure}()
 3 SYSTEMPATH\View\View.php(487): CodeIgniter\View\View->render('Modules/header', null, true)
 4 APPPATH\Views\layout.php(40): CodeIgniter\View\View->include('Modules/header')
 5 SYSTEMPATH\View\View.php(234): include('D:\\xampp\\htdocs\\hopamthanhca-site\\app\\Views\\layout.php')
 6 SYSTEMPATH\View\View.php(237): CodeIgniter\View\View->CodeIgniter\View\{closure}()
 7 SYSTEMPATH\View\View.php(250): CodeIgniter\View\View->render('layout', [], true)
 8 SYSTEMPATH\Common.php(1171): CodeIgniter\View\View->render('view_home', [], true)
 9 APPPATH\Controllers\Home.php(7): view('view_home')
10 SYSTEMPATH\CodeIgniter.php(933): App\Controllers\Home->index()
11 SYSTEMPATH\CodeIgniter.php(509): CodeIgniter\CodeIgniter->runController(Object(App\Controllers\Home))
12 SYSTEMPATH\CodeIgniter.php(355): CodeIgniter\CodeIgniter->handleRequest(null, Object(Config\Cache), false)
13 SYSTEMPATH\Boot.php(325): CodeIgniter\CodeIgniter->run()
14 SYSTEMPATH\Boot.php(67): CodeIgniter\Boot::runCodeIgniter(Object(CodeIgniter\CodeIgniter))
15 FCPATH\index.php(56): CodeIgniter\Boot::bootWeb(Object(Config\Paths))
